#
# A fatal error has been detected by the Java Runtime Environment:
#
#  SIGSEGV (0xb) at pc=0x00007fff964bed07, pid=16610, tid=2571
#
# JRE version: Java(TM) SE Runtime Environment (8.0_65-b17) (build 1.8.0_65-b17)
# Java VM: Java HotSpot(TM) 64-Bit Server VM (25.65-b01 mixed mode bsd-amd64 compressed oops)
# Problematic frame:
# C  [libobjc.A.dylib+0xcd07]  weak_register_no_lock+0x41
#
# Failed to write core dump. Core dumps have been disabled. To enable core dumping, try "ulimit -c unlimited" before starting Java again
#
# If you would like to submit a bug report, please visit:
#   http://bugreport.java.com/bugreport/crash.jsp
# The crash happened outside the Java Virtual Machine in native code.
# See problematic frame for where to report the bug.
#

---------------  T H R E A D  ---------------

Current thread (0x00007f811a905800):  JavaThread "AppKit Thread" daemon [_thread_in_native, id=2571, stack(0x00007fff5a8c2000,0x00007fff5b0c2000)]

siginfo: si_signo: 11 (SIGSEGV), si_code: 1 (SEGV_MAPERR), si_addr: 0x0000000000000020

Registers:
RAX=0xd000000000000000, RBX=0x00007f8119ca5960, RCX=0x0000000000000000, RDX=0x00007f8119e28048
RSP=0x00007fff5b0bd350, RBP=0x00007fff5b0bd3a0, RSI=0x00007f8119ca5960, RDI=0x00007fff777d3ba8
R8 =0x00007fff90113c7f, R9 =0x00007f8119d73af0, R10=0x00000000000000e6, R11=0x000000000000000e
R12=0x0000000000000001, R13=0x0000000000000000, R14=0x00007fff777d3ba8, R15=0x00007f8119e28048
RIP=0x00007fff964bed07, EFLAGS=0x0000000000010246, ERR=0x0000000000000004
  TRAPNO=0x000000000000000e

Top of Stack: (sp=0x00007fff5b0bd350)
0x00007fff5b0bd350:   00007fff777d1e80 00007fff777d3780
0x00007fff5b0bd360:   00007fff5b0bd3e0 00007fff964beb7e
0x00007fff5b0bd370:   00007fff927b0a89 00007fff777d1e80
0x00007fff5b0bd380:   00007f8119e28048 0000000000000000
0x00007fff5b0bd390:   00007fff777d3b80 0000000000000000
0x00007fff5b0bd3a0:   00007fff5b0bd420 00007fff964beaf6
0x00007fff5b0bd3b0:   ffff807ee628c510 00007f8119e27e90
0x00007fff5b0bd3c0:   0000000000001d00 0000000000000000
0x00007fff5b0bd3d0:   0000000000000000 0000000000000000
0x00007fff5b0bd3e0:   00007f8119ca5960 000000000000003a
0x00007fff5b0bd3f0:   0000000000000001 00007f8119d73af0
0x00007fff5b0bd400:   0000000000000000 00007f8119c61100
0x00007fff5b0bd410:   00007f8119e27e90 00007f8119ca5960
0x00007fff5b0bd420:   00007fff5b0bd460 00007fff9010db13
0x00007fff5b0bd430:   00007f8119d73af0 0000000000000000
0x00007fff5b0bd440:   00007f8119ca5960 00007fff964b9e40
0x00007fff5b0bd450:   00007f8119d73af0 00007fff76c39428
0x00007fff5b0bd460:   00007fff5b0bd490 00007fff92070e2e
0x00007fff5b0bd470:   00007fff5b0bd508 00007fff964b9e40
0x00007fff5b0bd480:   00007f8119ca5960 00007f8119d73af0
0x00007fff5b0bd490:   00007fff5b0bd4c0 00007fff923aa791
0x00007fff5b0bd4a0:   0000000000000000 0000000000000094
0x00007fff5b0bd4b0:   00007fff5b0bd508 0000000000000001
0x00007fff5b0bd4c0:   00007fff5b0bd4f0 00007fff91ead0a9
0x00007fff5b0bd4d0:   00007f8119d73af0 00007f8119ca5960
0x00007fff5b0bd4e0:   00007f8119d73af0 0000000000000000
0x00007fff5b0bd4f0:   00007fff5b0bd550 00007fff92070ad1
0x00007fff5b0bd500:   0000000000000000 00007fff751ff0a0
0x00007fff5b0bd510:   0000000042000000 00007fff923aa6bb
0x00007fff5b0bd520:   00007fff769a6240 0000000000000000
0x00007fff5b0bd530:   00007f8119ca5960 00007f8119d73af0
0x00007fff5b0bd540:   00007f8119d73af0 00007f8119ca5960 

Instructions: (pc=0x00007fff964bed07)
0x00007fff964bece7:   db 0f 84 20 01 00 00 f6 c3 01 0f 85 14 01 00 00
0x00007fff964becf7:   48 8b 03 48 b9 f8 ff ff ff ff 7f 00 00 48 21 c1
0x00007fff964bed07:   f6 41 20 02 75 34 4c 8d 2d 6c 52 31 e1 49 8b 75
0x00007fff964bed17:   00 48 89 df e8 0f 1e 00 00 48 89 c1 31 c0 48 3b 

Register to memory mapping:

RAX=0xd000000000000000 is an unknown value
RBX=0x00007f8119ca5960 is an unknown value
RCX=0x0000000000000000 is an unknown value
RDX=0x00007f8119e28048 is an unknown value
RSP=0x00007fff5b0bd350 is pointing into the stack for thread: 0x00007f811a905800
RBP=0x00007fff5b0bd3a0 is pointing into the stack for thread: 0x00007f811a905800
RSI=0x00007f8119ca5960 is an unknown value
RDI=0x00007fff777d3ba8: _ZN12_GLOBAL__N_1L12SideTableBufE+0x1d28 in /usr/lib/libobjc.A.dylib at 0x00007fff964b2000
R8 =0x00007fff90113c7f: storeARCWeakAt+0 in /System/Library/Frameworks/Foundation.framework/Versions/C/Foundation at 0x00007fff900f4000
R9 =0x00007f8119d73af0 is an unknown value
R10=0x00000000000000e6 is an unknown value
R11=0x000000000000000e is an unknown value
R12=0x0000000000000001 is an unknown value
R13=0x0000000000000000 is an unknown value
R14=0x00007fff777d3ba8: _ZN12_GLOBAL__N_1L12SideTableBufE+0x1d28 in /usr/lib/libobjc.A.dylib at 0x00007fff964b2000
R15=0x00007f8119e28048 is an unknown value


Stack: [0x00007fff5a8c2000,0x00007fff5b0c2000],  sp=0x00007fff5b0bd350,  free space=8172k
Native frames: (J=compiled Java code, j=interpreted, Vv=VM code, C=native code)
C  [libobjc.A.dylib+0xcd07]  weak_register_no_lock+0x41
C  [libobjc.A.dylib+0xcaf6]  objc_storeWeak+0x18b
C  [Foundation+0x19b13]  -[NSConcreteMapTable setObject:forKey:]+0x6e
C  [AppKit+0x347e2e]  -[NSView(NSOpenGLContextAssociation) _setOpenGLContext:]+0xf2
C  [AppKit+0x681791]  __27-[NSOpenGLContext setView:]_block_invoke+0xd6
C  [AppKit+0x1840a9]  NSPerformVisuallyAtomicChange+0x93
C  [AppKit+0x347ad1]  -[NSOpenGLContext setView:]+0x77
C  [liblwjgl.dylib+0xa586]  -[MacOSXOpenGLView lockFocus]+0x76
C  [AppKit+0x1a9823]  -[NSView _recursiveDisplayRectIfNeededIgnoringOpacity:isVisibleRect:rectIsVisibleRectForView:topView:]+0x6e2
C  [AppKit+0x1aa811]  -[NSView _recursiveDisplayRectIfNeededIgnoringOpacity:isVisibleRect:rectIsVisibleRectForView:topView:]+0x16d0
C  [AppKit+0x1a8c6c]  -[NSThemeFrame _recursiveDisplayRectIfNeededIgnoringOpacity:isVisibleRect:rectIsVisibleRectForView:topView:]+0x14e
C  [AppKit+0x1a7077]  -[NSView _displayRectIgnoringOpacity:isVisibleRect:rectIsVisibleRectForView:]+0x991
C  [AppKit+0x1a2485]  -[NSView displayIfNeeded]+0x79e
C  [AppKit+0x1a1ccc]  -[NSWindow displayIfNeeded]+0xe8
C  [AppKit+0x820206]  ___NSWindowGetDisplayCycleObserver_block_invoke6323+0x1dc
C  [AppKit+0x1a1667]  __37+[NSDisplayCycle currentDisplayCycle]_block_invoke+0x2e2
C  [QuartzCore+0x1191d]  _ZN2CA11Transaction19run_commit_handlersE18CATransactionPhase+0x55
C  [QuartzCore+0x10dd8]  _ZN2CA7Context18commit_transactionEPNS_11TransactionE+0xa0
C  [QuartzCore+0x10a98]  _ZN2CA11Transaction6commitEv+0x1fc
C  [QuartzCore+0x1c28f]  _ZN2CA11Transaction17observer_callbackEP19__CFRunLoopObservermPv+0x47
C  [CoreFoundation+0xa9e07]  __CFRUNLOOP_IS_CALLING_OUT_TO_AN_OBSERVER_CALLBACK_FUNCTION__+0x17
C  [CoreFoundation+0xa9d77]  __CFRunLoopDoObservers+0x187
C  [CoreFoundation+0x88d58]  CFRunLoopRunSpecific+0x148
C  [HIToolbox+0x30d55]  RunCurrentEventLoopInMode+0xeb
C  [HIToolbox+0x30a97]  ReceiveNextEventCommon+0xb8
C  [HIToolbox+0x309cf]  _BlockUntilNextEventMatchingListInModeWithFilter+0x47
C  [AppKit+0x49f3a]  _DPSNextEvent+0x42b
C  [AppKit+0x49369]  -[NSApplication _nextEventMatchingEventMask:untilDate:inMode:dequeue:]+0x1c6
C  [libosxapp.dylib+0x23aa]  -[NSApplicationAWT nextEventMatchingMask:untilDate:inMode:dequeue:]+0x7c
C  [AppKit+0x3decc]  -[NSApplication run]+0x2aa
C  [libosxapp.dylib+0x214d]  +[NSApplicationAWT runAWTLoopWithApp:]+0x9c
C  [libawt_lwawt.dylib+0x44517]  -[AWTStarter starter:]+0x389
C  [Foundation+0x7754e]  __NSThreadPerformPerform+0x117
C  [CoreFoundation+0xaa621]  __CFRUNLOOP_IS_CALLING_OUT_TO_A_SOURCE0_PERFORM_FUNCTION__+0x11
C  [CoreFoundation+0x89e1c]  __CFRunLoopDoSources0+0x22c
C  [CoreFoundation+0x8933f]  __CFRunLoopRun+0x39f
C  [CoreFoundation+0x88d38]  CFRunLoopRunSpecific+0x128
C  [java+0x6463]  CreateExecutionEnvironment+0x367
C  [java+0x21ac]  JLI_Launch+0x7a0
C  [java+0x84c0]  main+0x65
C  [java+0x1a04]  start+0x34
C  0x0000000000000006


---------------  P R O C E S S  ---------------

Java Threads: ( => current thread )
  0x00007f811aab9800 JavaThread "Physics" [_thread_blocked, id=52511, stack(0x00007000012d6000,0x00007000013d6000)]
  0x00007f811a181800 JavaThread "AWT-Shutdown" [_thread_blocked, id=29459, stack(0x0000700001150000,0x0000700001250000)]
=>0x00007f811a905800 JavaThread "AppKit Thread" daemon [_thread_in_native, id=2571, stack(0x00007fff5a8c2000,0x00007fff5b0c2000)]
  0x00007f811b017000 JavaThread "Service Thread" daemon [_thread_blocked, id=18435, stack(0x0000700000e44000,0x0000700000f44000)]
  0x00007f811a031800 JavaThread "C1 CompilerThread2" daemon [_thread_blocked, id=17923, stack(0x0000700000d41000,0x0000700000e41000)]
  0x00007f811b85c000 JavaThread "C2 CompilerThread1" daemon [_thread_blocked, id=17411, stack(0x0000700000c3e000,0x0000700000d3e000)]
  0x00007f811b860000 JavaThread "C2 CompilerThread0" daemon [_thread_blocked, id=16899, stack(0x0000700000b3b000,0x0000700000c3b000)]
  0x00007f811a827000 JavaThread "Signal Dispatcher" daemon [_thread_blocked, id=14351, stack(0x0000700000a38000,0x0000700000b38000)]
  0x00007f811b008000 JavaThread "Finalizer" daemon [_thread_blocked, id=12291, stack(0x000070000082f000,0x000070000092f000)]
  0x00007f811b001000 JavaThread "Reference Handler" daemon [_thread_blocked, id=11779, stack(0x000070000072c000,0x000070000082c000)]
  0x00007f811a00c000 JavaThread "main" [_thread_in_native, id=5891, stack(0x000070000011a000,0x000070000021a000)]

Other Threads:
  0x00007f811a01f000 VMThread [stack: 0x0000700000629000,0x0000700000729000] [id=11267]
  0x00007f811a82e000 WatcherThread [stack: 0x0000700000f47000,0x0000700001047000] [id=18947]

VM state:not at safepoint (normal execution)

VM Mutex/Monitor currently owned by a thread: None

Heap:
 PSYoungGen      total 18944K, used 9341K [0x00000007aab00000, 0x00000007ac000000, 0x00000007c0000000)
  eden space 16384K, 57% used [0x00000007aab00000,0x00000007ab41f420,0x00000007abb00000)
  from space 2560K, 0% used [0x00000007abd80000,0x00000007abd80000,0x00000007ac000000)
  to   space 2560K, 0% used [0x00000007abb00000,0x00000007abb00000,0x00000007abd80000)
 ParOldGen       total 44032K, used 0K [0x0000000780000000, 0x0000000782b00000, 0x00000007aab00000)
  object space 44032K, 0% used [0x0000000780000000,0x0000000780000000,0x0000000782b00000)
 Metaspace       used 6367K, capacity 6533K, committed 6656K, reserved 1056768K
  class space    used 656K, capacity 698K, committed 768K, reserved 1048576K

Card table byte_map: [0x000000011597e000,0x0000000115b7f000] byte_map_base: 0x0000000111d7e000

Marking Bits: (ParMarkBitMap*) 0x0000000105edee20
 Begin Bits: [0x0000000115cd5000, 0x0000000116cd5000)
 End Bits:   [0x0000000116cd5000, 0x0000000117cd5000)

Polling page: 0x0000000104de0000

CodeCache: size=245760Kb used=2407Kb max_used=2419Kb free=243352Kb
 bounds [0x00000001065be000, 0x000000010682e000, 0x00000001155be000]
 total_blobs=957 nmethods=600 adapters=271
 compilation: enabled

Compilation events (10 events):
Event: 4.656 Thread 0x00007f811b85c000  595       4       java.lang.ref.Reference::<init> (25 bytes)
Event: 4.657 Thread 0x00007f811b85c000 nmethod 595 0x000000010680e890 code [0x000000010680e9e0, 0x000000010680ea98]
Event: 5.007 Thread 0x00007f811a031800  596       3       sun.awt.AWTAutoShutdown::isReadyToShutdown (37 bytes)
Event: 5.007 Thread 0x00007f811a031800 nmethod 596 0x0000000106819690 code [0x0000000106819820, 0x0000000106819bd8]
Event: 5.090 Thread 0x00007f811a031800  597       3       org.lwjgl.opengl.Display::getHeight (30 bytes)
Event: 5.091 Thread 0x00007f811a031800 nmethod 597 0x0000000106818c10 code [0x0000000106818dc0, 0x00000001068194c8]
Event: 5.790 Thread 0x00007f811a031800  598       3       org.lwjgl.MemoryUtil::getAddress (9 bytes)
Event: 5.791 Thread 0x00007f811a031800 nmethod 598 0x00000001068185d0 code [0x0000000106818740, 0x0000000106818a50]
Event: 5.791 Thread 0x00007f811a031800  599       3       org.lwjgl.MemoryUtil::getAddress (10 bytes)
Event: 5.791 Thread 0x00007f811a031800 nmethod 599 0x00000001068180d0 code [0x0000000106818240, 0x0000000106818450]

GC Heap History (0 events):
No events

Deoptimization events (2 events):
Event: 1.912 Thread 0x00007f811a00c000 Uncommon trap: reason=unstable_if action=reinterpret pc=0x00000001067e6560 method=java.nio.DirectByteBuffer.put([BII)Ljava/nio/ByteBuffer; @ 8
Event: 1.938 Thread 0x00007f811a00c000 Uncommon trap: reason=unstable_if action=reinterpret pc=0x000000010675e25c method=java.lang.String.replace(CC)Ljava/lang/String; @ 26

Internal exceptions (10 events):
Event: 0.111 Thread 0x00007f811a00c000 Exception <a 'java/security/PrivilegedActionException'> (0x00000007aac60ea0) thrown at [/Users/java_re/workspace/8-2-build-macosx-x86_64/jdk8u65/4987/hotspot/src/share/vm/prims/jvm.cpp, line 1386]
Event: 0.164 Thread 0x00007f811a00c000 Exception <a 'java/security/PrivilegedActionException'> (0x00000007aad81e08) thrown at [/Users/java_re/workspace/8-2-build-macosx-x86_64/jdk8u65/4987/hotspot/src/share/vm/prims/jvm.cpp, line 1386]
Event: 0.164 Thread 0x00007f811a00c000 Exception <a 'java/security/PrivilegedActionException'> (0x00000007aad82018) thrown at [/Users/java_re/workspace/8-2-build-macosx-x86_64/jdk8u65/4987/hotspot/src/share/vm/prims/jvm.cpp, line 1386]
Event: 0.164 Thread 0x00007f811a00c000 Exception <a 'java/security/PrivilegedActionException'> (0x00000007aad86830) thrown at [/Users/java_re/workspace/8-2-build-macosx-x86_64/jdk8u65/4987/hotspot/src/share/vm/prims/jvm.cpp, line 1386]
Event: 0.164 Thread 0x00007f811a00c000 Exception <a 'java/security/PrivilegedActionException'> (0x00000007aad86a40) thrown at [/Users/java_re/workspace/8-2-build-macosx-x86_64/jdk8u65/4987/hotspot/src/share/vm/prims/jvm.cpp, line 1386]
Event: 0.215 Thread 0x00007f811a00c000 Exception <a 'java/lang/NoSuchFieldError': method resolution failed> (0x00000007aae629f0) thrown at [/Users/java_re/workspace/8-2-build-macosx-x86_64/jdk8u65/4987/hotspot/src/share/vm/prims/methodHandles.cpp, line 1146]
Event: 0.217 Thread 0x00007f811a00c000 Exception <a 'java/lang/NoSuchFieldError': method resolution failed> (0x00000007aae70140) thrown at [/Users/java_re/workspace/8-2-build-macosx-x86_64/jdk8u65/4987/hotspot/src/share/vm/prims/methodHandles.cpp, line 1146]
Event: 0.374 Thread 0x00007f811a00c000 Exception <a 'java/io/FileNotFoundException'> (0x00000007aaeeb068) thrown at [/Users/java_re/workspace/8-2-build-macosx-x86_64/jdk8u65/4987/hotspot/src/share/vm/prims/jni.cpp, line 709]
Event: 0.374 Thread 0x00007f811a00c000 Exception <a 'java/io/FileNotFoundException'> (0x00000007aaeebb80) thrown at [/Users/java_re/workspace/8-2-build-macosx-x86_64/jdk8u65/4987/hotspot/src/share/vm/prims/jni.cpp, line 709]
Event: 0.389 Thread 0x00007f811a00c000 Exception <a 'java/lang/UnsatisfiedLinkError'> (0x00000007aaf095a8) thrown at [/Users/java_re/workspace/8-2-build-macosx-x86_64/jdk8u65/4987/hotspot/src/share/vm/prims/jvm.cpp, line 1390]

Events (10 events):
Event: 1.944 loading class java/util/Formatter$FormatSpecifier
Event: 1.944 loading class java/util/Formatter$FormatSpecifier done
Event: 1.945 loading class java/util/Formatter$Flags
Event: 1.945 loading class java/util/Formatter$Flags done
Event: 1.945 loading class java/util/Formatter$Conversion
Event: 1.945 loading class java/util/Formatter$Conversion done
Event: 4.121 Executing VM operation: EnableBiasedLocking
Event: 4.122 Executing VM operation: EnableBiasedLocking done
Event: 5.845 loading class org/lwjgl/opengl/CallbackUtil
Event: 5.845 loading class org/lwjgl/opengl/CallbackUtil done


Dynamic libraries:
0x0000000004d3e000 	/System/Library/Frameworks/Cocoa.framework/Versions/A/Cocoa
0x0000000004d3e000 	/System/Library/Frameworks/Security.framework/Versions/A/Security
0x0000000004d3e000 	/System/Library/Frameworks/ApplicationServices.framework/Versions/A/ApplicationServices
0x0000000004d3e000 	/usr/lib/libz.1.dylib
0x0000000004d3e000 	/usr/lib/libSystem.B.dylib
0x0000000004d3e000 	/usr/lib/libobjc.A.dylib
0x0000000004d3e000 	/System/Library/Frameworks/CoreFoundation.framework/Versions/A/CoreFoundation
0x0000000004d3e000 	/System/Library/Frameworks/Foundation.framework/Versions/C/Foundation
0x0000000004d3e000 	/System/Library/Frameworks/AppKit.framework/Versions/C/AppKit
0x0000000004d3e000 	/System/Library/Frameworks/CoreData.framework/Versions/A/CoreData
0x0000000004d3e000 	/System/Library/PrivateFrameworks/RemoteViewServices.framework/Versions/A/RemoteViewServices
0x0000000004d3e000 	/System/Library/PrivateFrameworks/UIFoundation.framework/Versions/A/UIFoundation
0x0000000004d3e000 	/usr/lib/libScreenReader.dylib
0x0000000004d3e000 	/System/Library/Frameworks/Accelerate.framework/Versions/A/Accelerate
0x0000000004d3e000 	/System/Library/Frameworks/IOSurface.framework/Versions/A/IOSurface
0x0000000004d3e000 	/System/Library/Frameworks/AudioToolbox.framework/Versions/A/AudioToolbox
0x0000000004d3e000 	/System/Library/Frameworks/AudioUnit.framework/Versions/A/AudioUnit
0x0000000004d3e000 	/System/Library/PrivateFrameworks/DataDetectorsCore.framework/Versions/A/DataDetectorsCore
0x0000000004d3e000 	/System/Library/PrivateFrameworks/DesktopServicesPriv.framework/Versions/A/DesktopServicesPriv
0x0000000004d3e000 	/System/Library/Frameworks/Carbon.framework/Versions/A/Frameworks/HIToolbox.framework/Versions/A/HIToolbox
0x0000000004d3e000 	/System/Library/Frameworks/QuartzCore.framework/Versions/A/QuartzCore
0x0000000004d3e000 	/System/Library/Frameworks/Carbon.framework/Versions/A/Frameworks/SpeechRecognition.framework/Versions/A/SpeechRecognition
0x0000000004d3e000 	/usr/lib/libauto.dylib
0x0000000004d3e000 	/usr/lib/libicucore.A.dylib
0x0000000004d3e000 	/usr/lib/libxml2.2.dylib
0x0000000004d3e000 	/System/Library/PrivateFrameworks/CoreUI.framework/Versions/A/CoreUI
0x0000000004d3e000 	/System/Library/Frameworks/CoreAudio.framework/Versions/A/CoreAudio
0x0000000004d3e000 	/System/Library/Frameworks/DiskArbitration.framework/Versions/A/DiskArbitration
0x0000000004d3e000 	/usr/lib/liblangid.dylib
0x0000000004d3e000 	/System/Library/PrivateFrameworks/MultitouchSupport.framework/Versions/A/MultitouchSupport
0x0000000004d3e000 	/System/Library/Frameworks/IOKit.framework/Versions/A/IOKit
0x0000000004d3e000 	/usr/lib/libDiagnosticMessagesClient.dylib
0x0000000004d3e000 	/System/Library/Frameworks/CoreServices.framework/Versions/A/CoreServices
0x0000000004d3e000 	/System/Library/PrivateFrameworks/PerformanceAnalysis.framework/Versions/A/PerformanceAnalysis
0x0000000004d3e000 	/System/Library/PrivateFrameworks/GenerationalStorage.framework/Versions/A/GenerationalStorage
0x0000000004d3e000 	/System/Library/Frameworks/OpenGL.framework/Versions/A/OpenGL
0x0000000004d3e000 	/System/Library/PrivateFrameworks/Sharing.framework/Versions/A/Sharing
0x0000000004d3e000 	/System/Library/Frameworks/CoreGraphics.framework/Versions/A/CoreGraphics
0x0000000004d3e000 	/System/Library/Frameworks/CoreImage.framework/Versions/A/CoreImage
0x0000000004d3e000 	/System/Library/Frameworks/CoreText.framework/Versions/A/CoreText
0x0000000004d3e000 	/System/Library/Frameworks/ImageIO.framework/Versions/A/ImageIO
0x0000000004d3e000 	/System/Library/PrivateFrameworks/Backup.framework/Versions/A/Backup
0x0000000004d3e000 	/usr/lib/libextension.dylib
0x0000000004d3e000 	/usr/lib/libarchive.2.dylib
0x0000000004d3e000 	/System/Library/Frameworks/CFNetwork.framework/Versions/A/CFNetwork
0x0000000004d3e000 	/System/Library/Frameworks/SystemConfiguration.framework/Versions/A/SystemConfiguration
0x0000000004d3e000 	/usr/lib/libCRFSuite.dylib
0x0000000004d3e000 	/usr/lib/libc++.1.dylib
0x0000000004d3e000 	/usr/lib/libc++abi.dylib
0x0000000004d3e000 	/usr/lib/system/libcache.dylib
0x0000000004d3e000 	/usr/lib/system/libcommonCrypto.dylib
0x0000000004d3e000 	/usr/lib/system/libcompiler_rt.dylib
0x0000000004d3e000 	/usr/lib/system/libcopyfile.dylib
0x0000000004d3e000 	/usr/lib/system/libcorecrypto.dylib
0x0000000004d3e000 	/usr/lib/system/libdispatch.dylib
0x0000000004d3e000 	/usr/lib/system/libdyld.dylib
0x0000000004d3e000 	/usr/lib/system/libkeymgr.dylib
0x0000000004d3e000 	/usr/lib/system/liblaunch.dylib
0x0000000004d3e000 	/usr/lib/system/libmacho.dylib
0x0000000004d3e000 	/usr/lib/system/libquarantine.dylib
0x0000000004d3e000 	/usr/lib/system/libremovefile.dylib
0x0000000004d3e000 	/usr/lib/system/libsystem_asl.dylib
0x0000000004d3e000 	/usr/lib/system/libsystem_blocks.dylib
0x0000000004d3e000 	/usr/lib/system/libsystem_c.dylib
0x0000000004d3e000 	/usr/lib/system/libsystem_configuration.dylib
0x0000000004d3e000 	/usr/lib/system/libsystem_coreservices.dylib
0x0000000004d3e000 	/usr/lib/system/libsystem_coretls.dylib
0x0000000004d3e000 	/usr/lib/system/libsystem_dnssd.dylib
0x0000000004d3e000 	/usr/lib/system/libsystem_info.dylib
0x0000000004d3e000 	/usr/lib/system/libsystem_kernel.dylib
0x0000000004d3e000 	/usr/lib/system/libsystem_m.dylib
0x0000000004d3e000 	/usr/lib/system/libsystem_malloc.dylib
0x0000000004d3e000 	/usr/lib/system/libsystem_network.dylib
0x0000000004d3e000 	/usr/lib/system/libsystem_networkextension.dylib
0x0000000004d3e000 	/usr/lib/system/libsystem_notify.dylib
0x0000000004d3e000 	/usr/lib/system/libsystem_platform.dylib
0x0000000004d3e000 	/usr/lib/system/libsystem_pthread.dylib
0x0000000004d3e000 	/usr/lib/system/libsystem_sandbox.dylib
0x0000000004d3e000 	/usr/lib/system/libsystem_secinit.dylib
0x0000000004d3e000 	/usr/lib/system/libsystem_trace.dylib
0x0000000004d3e000 	/usr/lib/system/libunc.dylib
0x0000000004d3e000 	/usr/lib/system/libunwind.dylib
0x0000000004d3e000 	/usr/lib/system/libxpc.dylib
0x0000000004d3e000 	/usr/lib/libenergytrace.dylib
0x0000000004d3e000 	/usr/lib/libbsm.0.dylib
0x0000000004d3e000 	/usr/lib/system/libkxld.dylib
0x0000000004d3e000 	/usr/lib/libxar.1.dylib
0x0000000004d3e000 	/usr/lib/libsqlite3.dylib
0x0000000004d3e000 	/usr/lib/libpam.2.dylib
0x0000000004d3e000 	/usr/lib/libOpenScriptingUtil.dylib
0x0000000004d3e000 	/usr/lib/libbz2.1.0.dylib
0x0000000004d3e000 	/usr/lib/liblzma.5.dylib
0x0000000004d3e000 	/System/Library/Frameworks/CoreServices.framework/Versions/A/Frameworks/FSEvents.framework/Versions/A/FSEvents
0x0000000004d3e000 	/System/Library/Frameworks/CoreServices.framework/Versions/A/Frameworks/CarbonCore.framework/Versions/A/CarbonCore
0x0000000004d3e000 	/System/Library/Frameworks/CoreServices.framework/Versions/A/Frameworks/Metadata.framework/Versions/A/Metadata
0x0000000004d3e000 	/System/Library/Frameworks/CoreServices.framework/Versions/A/Frameworks/OSServices.framework/Versions/A/OSServices
0x0000000004d3e000 	/System/Library/Frameworks/CoreServices.framework/Versions/A/Frameworks/SearchKit.framework/Versions/A/SearchKit
0x0000000004d3e000 	/System/Library/Frameworks/CoreServices.framework/Versions/A/Frameworks/AE.framework/Versions/A/AE
0x0000000004d3e000 	/System/Library/Frameworks/CoreServices.framework/Versions/A/Frameworks/LaunchServices.framework/Versions/A/LaunchServices
0x0000000004d3e000 	/System/Library/Frameworks/CoreServices.framework/Versions/A/Frameworks/DictionaryServices.framework/Versions/A/DictionaryServices
0x0000000004d3e000 	/System/Library/Frameworks/CoreServices.framework/Versions/A/Frameworks/SharedFileList.framework/Versions/A/SharedFileList
0x0000000004d3e000 	/System/Library/Frameworks/NetFS.framework/Versions/A/NetFS
0x0000000004d3e000 	/System/Library/PrivateFrameworks/NetAuth.framework/Versions/A/NetAuth
0x0000000004d3e000 	/System/Library/PrivateFrameworks/login.framework/Versions/A/Frameworks/loginsupport.framework/Versions/A/loginsupport
0x0000000004d3e000 	/System/Library/PrivateFrameworks/TCC.framework/Versions/A/TCC
0x0000000004d3e000 	/usr/lib/libmecabra.dylib
0x0000000004d3e000 	/System/Library/Frameworks/ApplicationServices.framework/Versions/A/Frameworks/ATS.framework/Versions/A/ATS
0x0000000004d3e000 	/System/Library/Frameworks/ApplicationServices.framework/Versions/A/Frameworks/ColorSync.framework/Versions/A/ColorSync
0x0000000004d3e000 	/System/Library/Frameworks/ApplicationServices.framework/Versions/A/Frameworks/HIServices.framework/Versions/A/HIServices
0x0000000004d3e000 	/System/Library/Frameworks/ApplicationServices.framework/Versions/A/Frameworks/LangAnalysis.framework/Versions/A/LangAnalysis
0x0000000004d3e000 	/System/Library/Frameworks/ApplicationServices.framework/Versions/A/Frameworks/PrintCore.framework/Versions/A/PrintCore
0x0000000004d3e000 	/System/Library/Frameworks/ApplicationServices.framework/Versions/A/Frameworks/QD.framework/Versions/A/QD
0x0000000004d3e000 	/System/Library/Frameworks/ApplicationServices.framework/Versions/A/Frameworks/SpeechSynthesis.framework/Versions/A/SpeechSynthesis
0x0000000004d3e000 	/System/Library/Frameworks/Metal.framework/Versions/A/Metal
0x0000000004d3e000 	/System/Library/Frameworks/Accelerate.framework/Versions/A/Frameworks/vImage.framework/Versions/A/vImage
0x0000000004d3e000 	/System/Library/Frameworks/Accelerate.framework/Versions/A/Frameworks/vecLib.framework/Versions/A/vecLib
0x0000000004d3e000 	/System/Library/Frameworks/Accelerate.framework/Versions/A/Frameworks/vecLib.framework/Versions/A/libvDSP.dylib
0x0000000004d3e000 	/System/Library/Frameworks/Accelerate.framework/Versions/A/Frameworks/vecLib.framework/Versions/A/libvMisc.dylib
0x0000000004d3e000 	/System/Library/Frameworks/Accelerate.framework/Versions/A/Frameworks/vecLib.framework/Versions/A/libLAPACK.dylib
0x0000000004d3e000 	/System/Library/Frameworks/Accelerate.framework/Versions/A/Frameworks/vecLib.framework/Versions/A/libBLAS.dylib
0x0000000004d3e000 	/System/Library/Frameworks/Accelerate.framework/Versions/A/Frameworks/vecLib.framework/Versions/A/libLinearAlgebra.dylib
0x0000000004d3e000 	/System/Library/Frameworks/Accelerate.framework/Versions/A/Frameworks/vecLib.framework/Versions/A/libSparseBLAS.dylib
0x0000000004d3e000 	/System/Library/PrivateFrameworks/GPUCompiler.framework/libmetal_timestamp.dylib
0x0000000004d3e000 	/System/Library/Frameworks/OpenGL.framework/Versions/A/Libraries/libCoreFSCache.dylib
0x0000000004d3e000 	/System/Library/PrivateFrameworks/IOAccelerator.framework/Versions/A/IOAccelerator
0x0000000004d3e000 	/System/Library/Frameworks/ApplicationServices.framework/Versions/A/Frameworks/ATS.framework/Versions/A/Resources/libFontParser.dylib
0x0000000004d3e000 	/System/Library/Frameworks/ApplicationServices.framework/Versions/A/Frameworks/ATS.framework/Versions/A/Resources/libFontRegistry.dylib
0x0000000004d3e000 	/System/Library/PrivateFrameworks/AppleVPA.framework/Versions/A/AppleVPA
0x0000000004d3e000 	/System/Library/PrivateFrameworks/AppleJPEG.framework/Versions/A/AppleJPEG
0x0000000004d3e000 	/System/Library/Frameworks/ImageIO.framework/Versions/A/Resources/libJPEG.dylib
0x0000000004d3e000 	/System/Library/Frameworks/ImageIO.framework/Versions/A/Resources/libTIFF.dylib
0x0000000004d3e000 	/System/Library/Frameworks/ImageIO.framework/Versions/A/Resources/libPng.dylib
0x0000000004d3e000 	/System/Library/Frameworks/ImageIO.framework/Versions/A/Resources/libGIF.dylib
0x0000000004d3e000 	/System/Library/Frameworks/ImageIO.framework/Versions/A/Resources/libJP2.dylib
0x0000000004d3e000 	/System/Library/Frameworks/ImageIO.framework/Versions/A/Resources/libRadiance.dylib
0x0000000004d3e000 	/System/Library/Frameworks/CoreVideo.framework/Versions/A/CoreVideo
0x0000000004d3e000 	/System/Library/Frameworks/OpenGL.framework/Versions/A/Libraries/libGLU.dylib
0x0000000004d3e000 	/System/Library/Frameworks/OpenGL.framework/Versions/A/Libraries/libGFXShared.dylib
0x0000000004d3e000 	/System/Library/Frameworks/OpenGL.framework/Versions/A/Libraries/libGL.dylib
0x0000000004d3e000 	/System/Library/Frameworks/OpenGL.framework/Versions/A/Libraries/libGLImage.dylib
0x0000000004d3e000 	/System/Library/Frameworks/OpenGL.framework/Versions/A/Libraries/libCVMSPluginSupport.dylib
0x0000000004d3e000 	/System/Library/Frameworks/OpenGL.framework/Versions/A/Libraries/libCoreVMClient.dylib
0x0000000004d3e000 	/usr/lib/libcups.2.dylib
0x0000000004d3e000 	/System/Library/Frameworks/Kerberos.framework/Versions/A/Kerberos
0x0000000004d3e000 	/System/Library/Frameworks/GSS.framework/Versions/A/GSS
0x0000000004d3e000 	/usr/lib/libresolv.9.dylib
0x0000000004d3e000 	/usr/lib/libiconv.2.dylib
0x0000000004d3e000 	/System/Library/PrivateFrameworks/Heimdal.framework/Versions/A/Heimdal
0x0000000004d3e000 	/usr/lib/libheimdal-asn1.dylib
0x0000000004d3e000 	/System/Library/Frameworks/OpenDirectory.framework/Versions/A/OpenDirectory
0x0000000004d3e000 	/System/Library/PrivateFrameworks/CommonAuth.framework/Versions/A/CommonAuth
0x0000000004d3e000 	/System/Library/Frameworks/OpenDirectory.framework/Versions/A/Frameworks/CFOpenDirectory.framework/Versions/A/CFOpenDirectory
0x0000000004d3e000 	/System/Library/Frameworks/SecurityFoundation.framework/Versions/A/SecurityFoundation
0x0000000004d3e000 	/System/Library/PrivateFrameworks/LanguageModeling.framework/Versions/A/LanguageModeling
0x0000000004d3e000 	/usr/lib/libmarisa.dylib
0x0000000004d3e000 	/usr/lib/libChineseTokenizer.dylib
0x0000000004d3e000 	/usr/lib/libcmph.dylib
0x0000000004d3e000 	/usr/lib/libcompression.dylib
0x0000000004d3e000 	/System/Library/Frameworks/ServiceManagement.framework/Versions/A/ServiceManagement
0x0000000004d3e000 	/usr/lib/libxslt.1.dylib
0x0000000004d3e000 	/System/Library/Frameworks/Carbon.framework/Versions/A/Frameworks/Ink.framework/Versions/A/Ink
0x0000000004d3e000 	/usr/lib/libFosl_dynamic.dylib
0x0000000004d3e000 	/System/Library/PrivateFrameworks/FaceCore.framework/Versions/A/FaceCore
0x0000000004d3e000 	/System/Library/Frameworks/OpenCL.framework/Versions/A/OpenCL
0x0000000004d3e000 	/System/Library/PrivateFrameworks/CrashReporterSupport.framework/Versions/A/CrashReporterSupport
0x0000000004d3e000 	/System/Library/PrivateFrameworks/IconServices.framework/Versions/A/IconServices
0x0000000004d3e000 	/System/Library/PrivateFrameworks/Apple80211.framework/Versions/A/Apple80211
0x0000000004d3e000 	/System/Library/Frameworks/CoreWLAN.framework/Versions/A/CoreWLAN
0x0000000004d3e000 	/System/Library/Frameworks/IOBluetooth.framework/Versions/A/IOBluetooth
0x0000000004d3e000 	/System/Library/PrivateFrameworks/CoreWiFi.framework/Versions/A/CoreWiFi
0x0000000004d3e000 	/System/Library/Frameworks/CoreBluetooth.framework/Versions/A/CoreBluetooth
0x0000000004d3e000 	/System/Library/PrivateFrameworks/ChunkingLibrary.framework/Versions/A/ChunkingLibrary
0x0000000004d3e000 	/System/Library/PrivateFrameworks/DebugSymbols.framework/Versions/A/DebugSymbols
0x0000000004d3e000 	/System/Library/PrivateFrameworks/CoreSymbolication.framework/Versions/A/CoreSymbolication
0x0000000004d3e000 	/System/Library/PrivateFrameworks/Symbolication.framework/Versions/A/Symbolication
0x0000000004d3e000 	/System/Library/PrivateFrameworks/SpeechRecognitionCore.framework/Versions/A/SpeechRecognitionCore
0x0000000104d8a000 	/System/Library/CoreServices/Encodings/libSimplifiedChineseConverter.dylib
0x0000000105600000 	/Library/Internet Plug-Ins/JavaAppletPlugin.plugin/Contents/Home/lib/server/libjvm.dylib
0x0000000004d3e000 	/usr/lib/libstdc++.6.dylib
0x0000000104dd2000 	/Library/Internet Plug-Ins/JavaAppletPlugin.plugin/Contents/Home/lib/libverify.dylib
0x0000000106589000 	/Library/Internet Plug-Ins/JavaAppletPlugin.plugin/Contents/Home/lib/libjava.dylib
0x0000000104dea000 	/Library/Internet Plug-Ins/JavaAppletPlugin.plugin/Contents/Home/lib/libzip.dylib
0x00000001199b7000 	/System/Library/Frameworks/JavaVM.framework/Frameworks/JavaRuntimeSupport.framework/JavaRuntimeSupport
0x00000001199d2000 	/System/Library/Frameworks/JavaVM.framework/Versions/A/Frameworks/JavaNativeFoundation.framework/Versions/A/JavaNativeFoundation
0x00000001199e7000 	/System/Library/Frameworks/JavaVM.framework/Versions/A/JavaVM
0x0000000004d3e000 	/System/Library/Frameworks/Carbon.framework/Versions/A/Carbon
0x0000000104df4000 	/System/Library/PrivateFrameworks/JavaLaunching.framework/Versions/A/JavaLaunching
0x0000000004d3e000 	/System/Library/Frameworks/Carbon.framework/Versions/A/Frameworks/CommonPanels.framework/Versions/A/CommonPanels
0x0000000004d3e000 	/System/Library/Frameworks/Carbon.framework/Versions/A/Frameworks/Help.framework/Versions/A/Help
0x0000000004d3e000 	/System/Library/Frameworks/Carbon.framework/Versions/A/Frameworks/ImageCapture.framework/Versions/A/ImageCapture
0x0000000004d3e000 	/System/Library/Frameworks/Carbon.framework/Versions/A/Frameworks/OpenScripting.framework/Versions/A/OpenScripting
0x0000000004d3e000 	/System/Library/Frameworks/Carbon.framework/Versions/A/Frameworks/Print.framework/Versions/A/Print
0x0000000004d3e000 	/System/Library/Frameworks/Carbon.framework/Versions/A/Frameworks/SecurityHI.framework/Versions/A/SecurityHI
0x000000011b367000 	/Library/Internet Plug-Ins/JavaAppletPlugin.plugin/Contents/Home/lib/libawt.dylib
0x000000011b40f000 	/Library/Internet Plug-Ins/JavaAppletPlugin.plugin/Contents/Home/lib/./libmlib_image.dylib
0x000000011b4db000 	/Library/Internet Plug-Ins/JavaAppletPlugin.plugin/Contents/Home/lib/libawt_lwawt.dylib
0x000000011b590000 	/Library/Internet Plug-Ins/JavaAppletPlugin.plugin/Contents/Home/lib/./libosxapp.dylib
0x0000000004d3e000 	/System/Library/Frameworks/ExceptionHandling.framework/Versions/A/ExceptionHandling
0x0000000004d3e000 	/System/Library/PrivateFrameworks/CoreServicesInternal.framework/Versions/A/CoreServicesInternal
0x0000000004d3e000 	/System/Library/Frameworks/CoreGraphics.framework/Versions/A/Resources/libRIP.A.dylib
0x0000000004d3e000 	/System/Library/Frameworks/Accelerate.framework/Versions/A/Frameworks/vImage.framework/Versions/A/Libraries/libCGInterfaces.dylib
0x0000000004d3e000 	/System/Library/Frameworks/CoreGraphics.framework/Versions/A/Resources/libCGXType.A.dylib
0x0000000004d3e000 	/System/Library/Frameworks/OpenCL.framework/Versions/A/Libraries/libcldcpuengine.dylib
0x0000000004d3e000 	/System/Library/PrivateFrameworks/DiskImages.framework/Versions/A/DiskImages
0x0000000004d3e000 	/System/Library/Frameworks/DiscRecording.framework/Versions/A/DiscRecording
0x0000000004d3e000 	/usr/lib/libcsfde.dylib
0x0000000004d3e000 	/usr/lib/libcurl.4.dylib
0x0000000004d3e000 	/System/Library/PrivateFrameworks/MediaKit.framework/Versions/A/MediaKit
0x0000000004d3e000 	/System/Library/PrivateFrameworks/ProtectedCloudStorage.framework/Versions/A/ProtectedCloudStorage
0x0000000004d3e000 	/usr/lib/libCoreStorage.dylib
0x0000000004d3e000 	/System/Library/PrivateFrameworks/EFILogin.framework/Versions/A/EFILogin
0x0000000004d3e000 	/usr/lib/libutil.dylib
0x0000000004d3e000 	/System/Library/PrivateFrameworks/FindMyDevice.framework/Versions/A/FindMyDevice
0x0000000004d3e000 	/System/Library/Frameworks/LDAP.framework/Versions/A/LDAP
0x0000000004d3e000 	/usr/lib/libsasl2.2.dylib
0x0000000004d3e000 	/System/Library/PrivateFrameworks/CoreDaemon.framework/Versions/B/CoreDaemon
0x0000000004d3e000 	/usr/lib/libcrypto.0.9.8.dylib
0x0000000004d3e000 	/System/Library/PrivateFrameworks/AppleSRP.framework/Versions/A/AppleSRP
0x0000000004d3e000 	/System/Library/PrivateFrameworks/TrustEvaluationAgent.framework/Versions/A/TrustEvaluationAgent
0x000000011cd95000 	cl_kernels
0x0000000004d3e000 	/System/Library/Frameworks/OpenCL.framework/Versions/A/Libraries/ImageFormats/unorm8_bgra.dylib
0x0000000004d3e000 	/System/Library/Frameworks/OpenCL.framework/Versions/A/Libraries/ImageFormats/unorm8_rgba.dylib
0x0000000004d3e000 	/System/Library/PrivateFrameworks/FamilyControls.framework/Versions/A/FamilyControls
0x0000000004d3e000 	/System/Library/PrivateFrameworks/CommerceKit.framework/Versions/A/Frameworks/CommerceCore.framework/Versions/A/CommerceCore
0x0000000004d3e000 	/System/Library/PrivateFrameworks/SystemAdministration.framework/Versions/A/SystemAdministration
0x0000000004d3e000 	/System/Library/PrivateFrameworks/AppContainer.framework/Versions/A/AppContainer
0x0000000004d3e000 	/System/Library/PrivateFrameworks/SecCodeWrapper.framework/Versions/A/SecCodeWrapper
0x0000000004d3e000 	/System/Library/Frameworks/DirectoryService.framework/Versions/A/DirectoryService
0x0000000004d3e000 	/System/Library/PrivateFrameworks/LoginUIKit.framework/Versions/A/Frameworks/LoginUICore.framework/Versions/A/LoginUICore
0x0000000004d3e000 	/usr/lib/libodfde.dylib
0x000000011ddb2000 	/Library/Internet Plug-Ins/JavaAppletPlugin.plugin/Contents/Home/lib/libfontmanager.dylib
0x000000011de19000 	/Users/CIR/Documents/workspace/SolarSystem/native/liblwjgl.dylib
0x000000011c26a000 	/Library/Internet Plug-Ins/JavaAppletPlugin.plugin/Contents/Home/lib/libjawt.dylib
0x0000000004d3e000 	/System/Library/Frameworks/OpenGL.framework/Versions/A/Resources/GLEngine.bundle/GLEngine
0x0000000004d3e000 	/System/Library/Frameworks/OpenGL.framework/Versions/A/Libraries/libGLProgrammability.dylib
0x000000011de9b000 	/System/Library/Extensions/AppleIntelHD4000GraphicsGLDriver.bundle/Contents/MacOS/AppleIntelHD4000GraphicsGLDriver
0x0000000004d3e000 	/System/Library/PrivateFrameworks/GPUSupport.framework/Versions/A/Libraries/libGPUSupportMercury.dylib
0x0000000004d3e000 	/System/Library/Frameworks/OpenGL.framework/Versions/A/Resources/GLRendererFloat.bundle/GLRendererFloat

VM Arguments:
jvm_args: -Djava.library.path=/Users/CIR/Documents/workspace/SolarSystem/native -Dfile.encoding=UTF-8 
java_command: top.navyblue.main.SolarSystemMain
java_class_path (initial): /Users/CIR/Documents/workspace/SolarSystem/bin:/Users/CIR/Documents/workspace/SolarSystem/libs/jinput-2.0.5.jar:/Users/CIR/Documents/workspace/SolarSystem/libs/jinput-platform-2.0.5-natives-osx.jar:/Users/CIR/Documents/workspace/SolarSystem/libs/jopt-simple-4.8.jar:/Users/CIR/Documents/workspace/SolarSystem/libs/jutils-1.0.0.jar:/Users/CIR/Documents/workspace/SolarSystem/libs/lwjgl_util-2.9.1.jar:/Users/CIR/Documents/workspace/SolarSystem/libs/lwjgl-2.9.1.jar:/Users/CIR/Documents/workspace/SolarSystem/libs/slick-util-1.0.jar
Launcher Type: SUN_STANDARD

Environment Variables:
PATH=/usr/bin:/bin:/usr/sbin:/sbin
SHELL=/bin/zsh

Signal Handlers:
SIGSEGV: [libjvm.dylib+0x5a6d31], sa_mask[0]=11111111011111110111111111111111, sa_flags=SA_ONSTACK|SA_RESTART|SA_SIGINFO
SIGBUS: [libjvm.dylib+0x5a6d31], sa_mask[0]=11111111011111110111111111111111, sa_flags=SA_RESTART|SA_SIGINFO
SIGFPE: [libjvm.dylib+0x480a40], sa_mask[0]=11111111011111110111111111111111, sa_flags=SA_RESTART|SA_SIGINFO
SIGPIPE: [libjvm.dylib+0x480a40], sa_mask[0]=11111111011111110111111111111111, sa_flags=SA_RESTART|SA_SIGINFO
SIGXFSZ: [libjvm.dylib+0x480a40], sa_mask[0]=11111111011111110111111111111111, sa_flags=SA_RESTART|SA_SIGINFO
SIGILL: [libjvm.dylib+0x480a40], sa_mask[0]=11111111011111110111111111111111, sa_flags=SA_RESTART|SA_SIGINFO
SIGUSR1: SIG_DFL, sa_mask[0]=00000000000000000000000000000000, sa_flags=none
SIGUSR2: [libjvm.dylib+0x48055e], sa_mask[0]=00100000000000000000000000000000, sa_flags=SA_RESTART|SA_SIGINFO
SIGHUP: [libjvm.dylib+0x47eb35], sa_mask[0]=11111111011111110111111111111111, sa_flags=SA_RESTART|SA_SIGINFO
SIGINT: [libjvm.dylib+0x47eb35], sa_mask[0]=11111111011111110111111111111111, sa_flags=SA_RESTART|SA_SIGINFO
SIGTERM: [libjvm.dylib+0x47eb35], sa_mask[0]=11111111011111110111111111111111, sa_flags=SA_RESTART|SA_SIGINFO
SIGQUIT: [libjvm.dylib+0x47eb35], sa_mask[0]=11111111011111110111111111111111, sa_flags=SA_RESTART|SA_SIGINFO


---------------  S Y S T E M  ---------------

OS:Bsduname:Darwin 15.0.0 Darwin Kernel Version 15.0.0: Wed Aug 26 16:57:32 PDT 2015; root:xnu-3247.1.106~1/RELEASE_X86_64 x86_64
rlimit: STACK 8192k, CORE 0k, NPROC 709, NOFILE 10240, AS infinity
load average:1.27 1.37 1.49

CPU:total 4 (2 cores per cpu, 2 threads per core) family 6 model 58 stepping 9, cmov, cx8, fxsr, mmx, sse, sse2, sse3, ssse3, sse4.1, sse4.2, popcnt, avx, aes, clmul, erms, ht, tsc, tscinvbit, tscinv

Memory: 4k page, physical 4194304k(238536k free)

/proc/meminfo:


vm_info: Java HotSpot(TM) 64-Bit Server VM (25.65-b01) for bsd-amd64 JRE (1.8.0_65-b17), built on Oct  6 2015 15:36:46 by "java_re" with gcc 4.2.1 (Based on Apple Inc. build 5658) (LLVM build 2336.11.00)

time: Mon Nov 23 19:15:45 2015
elapsed time: 5 seconds (0d 0h 0m 5s)

