#
# A fatal error has been detected by the Java Runtime Environment:
#
#  SIGSEGV (0xb) at pc=0x00007fff964b9e69, pid=760, tid=2571
#
# JRE version: Java(TM) SE Runtime Environment (8.0_65-b17) (build 1.8.0_65-b17)
# Java VM: Java HotSpot(TM) 64-Bit Server VM (25.65-b01 mixed mode bsd-amd64 compressed oops)
# Problematic frame:
# C  [libobjc.A.dylib+0x7e69]  objc_msgSend+0x29
#
# Failed to write core dump. Core dumps have been disabled. To enable core dumping, try "ulimit -c unlimited" before starting Java again
#
# If you would like to submit a bug report, please visit:
#   http://bugreport.java.com/bugreport/crash.jsp
# The crash happened outside the Java Virtual Machine in native code.
# See problematic frame for where to report the bug.
#

---------------  T H R E A D  ---------------

Current thread (0x00007fd62a9ec000):  JavaThread "AppKit Thread" daemon [_thread_in_native, id=2571, stack(0x00007fff502a6000,0x00007fff50aa6000)]

siginfo: si_signo: 11 (SIGSEGV), si_code: 1 (SEGV_MAPERR), si_addr: 0x00000128000009a0

Registers:
RAX=0x00007fd62a5314c0, RBX=0x00007fff50aa0f88, RCX=0x00007fd62a663ce8, RDX=0x00007fd62a4888f0
RSP=0x00007fff50aa0f48, RBP=0x00007fff50aa0f50, RSI=0x00007fff927b0a75, RDI=0x00007fd62a5314c0
R8 =0x000000000000003f, R9 =0x00007fd62a663ca0, R10=0x00000128000009a0, R11=0x0000000110e80690
R12=0x00007fd62a4888f0, R13=0x00007fd62a663ca0, R14=0x00007fd62a663ce0, R15=0x0000000000000000
RIP=0x00007fff964b9e69, EFLAGS=0x0000000000010206, ERR=0x0000000000000004
  TRAPNO=0x000000000000000e

Top of Stack: (sp=0x00007fff50aa0f48)
0x00007fff50aa0f48:   00007fff8523da0c 00007fff50aa0f70
0x00007fff50aa0f58:   00007fff8523d99f 0000000000000000
0x00007fff50aa0f68:   0000000000000000 00007fff50aa0fe0
0x00007fff50aa0f78:   00007fff8523d917 00007fff50aa0fb0
0x00007fff50aa0f88:   00007fff751ff0a0 0000000042000000
0x00007fff50aa0f98:   00007fff8523d960 00007fff74def6f0
0x00007fff50aa0fa8:   00007fd62a663ca0 00007fd62a4888f0
0x00007fff50aa0fb8:   00007fff50aa1788 00007fff74f1abd0
0x00007fff50aa0fc8:   00007fff50aa1788 00007fd62a663ca0
0x00007fff50aa0fd8:   00007fff855fc955 00007fff50aa1020
0x00007fff50aa0fe8:   00007fff8523d682 00007fff50aa1600
0x00007fff50aa0ff8:   0000000000000001 00007fff74f1abd0
0x00007fff50aa1008:   00007fff50aa1788 00007fff964b9e40
0x00007fff50aa1018:   00007fff855fc955 00007fff50aa1730
0x00007fff50aa1028:   00007fff851fa442 00007fd62a6799d0
0x00007fff50aa1038:   ffff8029d5986630 00007fff777d1e80
0x00007fff50aa1048:   00007fd62a407030 00007fd62b0050b8
0x00007fff50aa1058:   00007fd62a459ed0 0000000000000000
0x00007fff50aa1068:   0000000000000000 0000000000000000
0x00007fff50aa1078:   00007fd62a459770 00007fff74e2c5b0
0x00007fff50aa1088:   00007fff50aa1600 0000000000000002
0x00007fff50aa1098:   0000000000000100 00007fff50aa1000
0x00007fff50aa10a8:   00007fff50aa1500 0000000000000000
0x00007fff50aa10b8:   0000000000000100 00007fff50aa1100
0x00007fff50aa10c8:   00007fff74f1abd0 0000000000000000
0x00007fff50aa10d8:   00007fff74df0490 00007fff74f1abd0
0x00007fff50aa10e8:   0000000000000000 00007fff74df0490
0x00007fff50aa10f8:   00007fff777d1e80 00007fff50aa1170
0x00007fff50aa1108:   00007fff964c2240 0000000000000000
0x00007fff50aa1118:   00007fff777d3490 0000000100000000
0x00007fff50aa1128:   0000000000000000 ffff8029d58b1680
0x00007fff50aa1138:   00007fd62b977f90 00007fd62b978000 

Instructions: (pc=0x00007fff964b9e69)
0x00007fff964b9e49:   01 2e 75 66 49 bb f8 ff ff ff ff 7f 00 00 4c 23
0x00007fff964b9e59:   1f 49 89 f2 45 23 53 18 49 c1 e2 04 4d 03 53 10
0x00007fff964b9e69:   49 3b 32 75 04 41 ff 62 08 49 83 3a 01 76 0d 49
0x00007fff964b9e79:   83 c2 10 49 3b 32 75 f1 41 ff 62 08 72 40 4d 8b 

Register to memory mapping:

RAX=0x00007fd62a5314c0 is an unknown value
RBX=0x00007fff50aa0f88 is pointing into the stack for thread: 0x00007fd62a9ec000
RCX=0x00007fd62a663ce8 is an unknown value
RDX=0x00007fd62a4888f0 is an unknown value
RSP=0x00007fff50aa0f48 is pointing into the stack for thread: 0x00007fd62a9ec000
RBP=0x00007fff50aa0f50 is pointing into the stack for thread: 0x00007fd62a9ec000
RSI=0x00007fff927b0a75: -[NSTitlebarContainerView transparent]+0x630eb in /System/Library/Frameworks/AppKit.framework/Versions/C/AppKit at 0x00007fff91d29000
RDI=0x00007fd62a5314c0 is an unknown value
R8 =0x000000000000003f is an unknown value
R9 =0x00007fd62a663ca0 is an unknown value
R10=0x00000128000009a0 is an unknown value
R11=0x0000000110e80690 is at entry_point+-432 in (nmethod*)0x0000000110e80690
R12=0x00007fd62a4888f0 is an unknown value
R13=0x00007fd62a663ca0 is an unknown value
R14=0x00007fd62a663ce0 is an unknown value
R15=0x0000000000000000 is an unknown value


Stack: [0x00007fff502a6000,0x00007fff50aa6000],  sp=0x00007fff50aa0f48,  free space=8171k
Native frames: (J=compiled Java code, j=interpreted, Vv=VM code, C=native code)
C  [libobjc.A.dylib+0x7e69]  objc_msgSend+0x29
C  [CoreFoundation+0xa099f]  ___CFXRegistrationPost_block_invoke+0x3f
C  [CoreFoundation+0xa0917]  _CFXRegistrationPost+0x197
C  [CoreFoundation+0xa0682]  ___CFXNotificationPost_block_invoke+0x32
C  [CoreFoundation+0x5d442]  -[_CFXNotificationRegistrar find:object:observer:enumerator:]+0x782
C  [CoreFoundation+0x5c695]  _CFXNotificationPost+0x2b5
C  [Foundation+0x731a]  -[NSNotificationCenter postNotificationName:object:userInfo:]+0x42
C  [AppKit+0x266af6]  -[NSSurface _disposeSurface]+0xa9
C  [AppKit+0x26654f]  -[NSSurface setWindow:]+0x42
C  [AppKit+0x29cbf]  -[NSView _setWindow:]+0x9be
C  [AppKit+0x2caab]  -[NSView removeFromSuperview]+0x1d7
C  [AppKit+0x156957]  -[NSView removeFromSuperviewWithoutNeedingDisplay]+0x26
C  [liblwjgl.dylib+0xa205]  +[MacOSXKeyableWindow destroyWindow]+0xb5
C  [Foundation+0x7754e]  __NSThreadPerformPerform+0x117
C  [CoreFoundation+0xaa621]  __CFRUNLOOP_IS_CALLING_OUT_TO_A_SOURCE0_PERFORM_FUNCTION__+0x11
C  [CoreFoundation+0x89e1c]  __CFRunLoopDoSources0+0x22c
C  [CoreFoundation+0x8933f]  __CFRunLoopRun+0x39f
C  [CoreFoundation+0x88d38]  CFRunLoopRunSpecific+0x128
C  [HIToolbox+0x30d55]  RunCurrentEventLoopInMode+0xeb
C  [HIToolbox+0x30b8f]  ReceiveNextEventCommon+0x1b0
C  [HIToolbox+0x309cf]  _BlockUntilNextEventMatchingListInModeWithFilter+0x47
C  [AppKit+0x49f3a]  _DPSNextEvent+0x42b
C  [AppKit+0x49369]  -[NSApplication _nextEventMatchingEventMask:untilDate:inMode:dequeue:]+0x1c6
C  [libosxapp.dylib+0x23aa]  -[NSApplicationAWT nextEventMatchingMask:untilDate:inMode:dequeue:]+0x7c
C  [AppKit+0x3decc]  -[NSApplication run]+0x2aa
C  [libosxapp.dylib+0x214d]  +[NSApplicationAWT runAWTLoopWithApp:]+0x9c
C  [libawt_lwawt.dylib+0x44517]  -[AWTStarter starter:]+0x389
C  [Foundation+0x7754e]  __NSThreadPerformPerform+0x117
C  [CoreFoundation+0xaa621]  __CFRUNLOOP_IS_CALLING_OUT_TO_A_SOURCE0_PERFORM_FUNCTION__+0x11
C  [CoreFoundation+0x89e1c]  __CFRunLoopDoSources0+0x22c
C  [CoreFoundation+0x8933f]  __CFRunLoopRun+0x39f
C  [CoreFoundation+0x88d38]  CFRunLoopRunSpecific+0x128
C  [java+0x6463]  CreateExecutionEnvironment+0x367
C  [java+0x21ac]  JLI_Launch+0x7a0
C  [java+0x84c0]  main+0x65
C  [java+0x1a04]  start+0x34
C  0x0000000000000006


---------------  P R O C E S S  ---------------

Java Threads: ( => current thread )
  0x00007fd62b129800 JavaThread "Physics" [_thread_blocked, id=58123, stack(0x00007000012d6000,0x00007000013d6000)]
  0x00007fd62b8f9800 JavaThread "AWT-Shutdown" [_thread_blocked, id=29459, stack(0x0000700001150000,0x0000700001250000)]
=>0x00007fd62a9ec000 JavaThread "AppKit Thread" daemon [_thread_in_native, id=2571, stack(0x00007fff502a6000,0x00007fff50aa6000)]
  0x00007fd62c08d000 JavaThread "Service Thread" daemon [_thread_blocked, id=18691, stack(0x0000700000e44000,0x0000700000f44000)]
  0x00007fd62b820000 JavaThread "C1 CompilerThread2" daemon [_thread_blocked, id=18179, stack(0x0000700000d41000,0x0000700000e41000)]
  0x00007fd62c08c000 JavaThread "C2 CompilerThread1" daemon [_thread_blocked, id=17667, stack(0x0000700000c3e000,0x0000700000d3e000)]
  0x00007fd62c058800 JavaThread "C2 CompilerThread0" daemon [_thread_blocked, id=17155, stack(0x0000700000b3b000,0x0000700000c3b000)]
  0x00007fd62b804000 JavaThread "Signal Dispatcher" daemon [_thread_blocked, id=12815, stack(0x0000700000a38000,0x0000700000b38000)]
  0x00007fd62c052000 JavaThread "Finalizer" daemon [_thread_blocked, id=11779, stack(0x000070000082f000,0x000070000092f000)]
  0x00007fd62a806000 JavaThread "Reference Handler" daemon [_thread_blocked, id=11267, stack(0x000070000072c000,0x000070000082c000)]
  0x00007fd62c006000 JavaThread "main" [_thread_in_native, id=4099, stack(0x0000700000084000,0x0000700000184000)]

Other Threads:
  0x00007fd62c051800 VMThread [stack: 0x0000700000629000,0x0000700000729000] [id=10755]
  0x00007fd62b00f000 WatcherThread [stack: 0x0000700000f47000,0x0000700001047000] [id=19203]

VM state:not at safepoint (normal execution)

VM Mutex/Monitor currently owned by a thread: None

Heap:
 PSYoungGen      total 18944K, used 10262K [0x00000007aab00000, 0x00000007ac000000, 0x00000007c0000000)
  eden space 16384K, 62% used [0x00000007aab00000,0x00000007ab505b48,0x00000007abb00000)
  from space 2560K, 0% used [0x00000007abd80000,0x00000007abd80000,0x00000007ac000000)
  to   space 2560K, 0% used [0x00000007abb00000,0x00000007abb00000,0x00000007abd80000)
 ParOldGen       total 44032K, used 0K [0x0000000780000000, 0x0000000782b00000, 0x00000007aab00000)
  object space 44032K, 0% used [0x0000000780000000,0x0000000780000000,0x0000000782b00000)
 Metaspace       used 6385K, capacity 6593K, committed 6912K, reserved 1056768K
  class space    used 652K, capacity 698K, committed 768K, reserved 1048576K

Card table byte_map: [0x000000011ffc0000,0x00000001201c1000] byte_map_base: 0x000000011c3c0000

Marking Bits: (ParMarkBitMap*) 0x000000010fcc8e20
 Begin Bits: [0x0000000120317000, 0x0000000121317000)
 End Bits:   [0x0000000121317000, 0x0000000122317000)

Polling page: 0x00000001103b6000

CodeCache: size=245760Kb used=2552Kb max_used=2563Kb free=243207Kb
 bounds [0x0000000110c00000, 0x0000000110e90000, 0x000000011fc00000]
 total_blobs=1012 nmethods=659 adapters=267
 compilation: enabled

Compilation events (10 events):
Event: 15.918 Thread 0x00007fd62b820000  655       3       org.lwjgl.opengl.MacOSXNativeMouse::setCursorPos (55 bytes)
Event: 15.919 Thread 0x00007fd62b820000 nmethod 655 0x0000000110e7dd50 code [0x0000000110e7dee0, 0x0000000110e7e2a8]
Event: 15.919 Thread 0x00007fd62b820000  656       3       org.lwjgl.opengl.MacOSXNativeMouse::addDelta (22 bytes)
Event: 15.919 Thread 0x00007fd62b820000 nmethod 656 0x0000000110e7e390 code [0x0000000110e7e500, 0x0000000110e7e670]
Event: 16.224 Thread 0x00007fd62c08c000  657       4       java.nio.DirectIntBufferU::get (16 bytes)
Event: 16.226 Thread 0x00007fd62c08c000 nmethod 657 0x0000000110e813d0 code [0x0000000110e81520, 0x0000000110e815d8]
Event: 16.901 Thread 0x00007fd62b820000  658       3       java.io.UnixFileSystem::getBooleanAttributes (49 bytes)
Event: 16.901 Thread 0x00007fd62b820000 nmethod 658 0x0000000110e80690 code [0x0000000110e80840, 0x0000000110e80dc8]
Event: 16.902 Thread 0x00007fd62c058800  660       4       java.nio.DirectByteBuffer::put (18 bytes)
Event: 16.903 Thread 0x00007fd62c058800 nmethod 660 0x0000000110e7eed0 code [0x0000000110e7f020, 0x0000000110e7f0d8]

GC Heap History (0 events):
No events

Deoptimization events (1 events):
Event: 1.738 Thread 0x00007fd62c006000 Uncommon trap: reason=unstable_if action=reinterpret pc=0x0000000110d9b35c method=java.lang.String.replace(CC)Ljava/lang/String; @ 26

Internal exceptions (10 events):
Event: 0.151 Thread 0x00007fd62c006000 Exception <a 'java/security/PrivilegedActionException'> (0x00000007aac61060) thrown at [/Users/java_re/workspace/8-2-build-macosx-x86_64/jdk8u65/4987/hotspot/src/share/vm/prims/jvm.cpp, line 1386]
Event: 0.213 Thread 0x00007fd62c006000 Exception <a 'java/security/PrivilegedActionException'> (0x00000007aad64df0) thrown at [/Users/java_re/workspace/8-2-build-macosx-x86_64/jdk8u65/4987/hotspot/src/share/vm/prims/jvm.cpp, line 1386]
Event: 0.213 Thread 0x00007fd62c006000 Exception <a 'java/security/PrivilegedActionException'> (0x00000007aad65000) thrown at [/Users/java_re/workspace/8-2-build-macosx-x86_64/jdk8u65/4987/hotspot/src/share/vm/prims/jvm.cpp, line 1386]
Event: 0.214 Thread 0x00007fd62c006000 Exception <a 'java/security/PrivilegedActionException'> (0x00000007aad69818) thrown at [/Users/java_re/workspace/8-2-build-macosx-x86_64/jdk8u65/4987/hotspot/src/share/vm/prims/jvm.cpp, line 1386]
Event: 0.214 Thread 0x00007fd62c006000 Exception <a 'java/security/PrivilegedActionException'> (0x00000007aad69a28) thrown at [/Users/java_re/workspace/8-2-build-macosx-x86_64/jdk8u65/4987/hotspot/src/share/vm/prims/jvm.cpp, line 1386]
Event: 0.269 Thread 0x00007fd62c006000 Exception <a 'java/lang/NoSuchFieldError': method resolution failed> (0x00000007aae46808) thrown at [/Users/java_re/workspace/8-2-build-macosx-x86_64/jdk8u65/4987/hotspot/src/share/vm/prims/methodHandles.cpp, line 1146]
Event: 0.273 Thread 0x00007fd62c006000 Exception <a 'java/lang/NoSuchFieldError': method resolution failed> (0x00000007aae53f58) thrown at [/Users/java_re/workspace/8-2-build-macosx-x86_64/jdk8u65/4987/hotspot/src/share/vm/prims/methodHandles.cpp, line 1146]
Event: 0.451 Thread 0x00007fd62c006000 Exception <a 'java/io/FileNotFoundException'> (0x00000007aaecee18) thrown at [/Users/java_re/workspace/8-2-build-macosx-x86_64/jdk8u65/4987/hotspot/src/share/vm/prims/jni.cpp, line 709]
Event: 0.451 Thread 0x00007fd62c006000 Exception <a 'java/io/FileNotFoundException'> (0x00000007aaecf930) thrown at [/Users/java_re/workspace/8-2-build-macosx-x86_64/jdk8u65/4987/hotspot/src/share/vm/prims/jni.cpp, line 709]
Event: 0.466 Thread 0x00007fd62c006000 Exception <a 'java/lang/UnsatisfiedLinkError'> (0x00000007aaf3f410) thrown at [/Users/java_re/workspace/8-2-build-macosx-x86_64/jdk8u65/4987/hotspot/src/share/vm/prims/jvm.cpp, line 1390]

Events (10 events):
Event: 1.741 loading class java/util/Formatter$Conversion
Event: 1.741 loading class java/util/Formatter$Conversion done
Event: 4.148 Executing VM operation: EnableBiasedLocking
Event: 4.148 Executing VM operation: EnableBiasedLocking done
Event: 7.948 loading class java/nio/DirectByteBuffer$1
Event: 7.948 loading class java/nio/DirectByteBuffer$1 done
Event: 9.606 loading class java/util/ArrayList$1
Event: 9.606 loading class java/util/ArrayList$1 done
Event: 16.901 loading class org/lwjgl/opengl/CallbackUtil
Event: 16.901 loading class org/lwjgl/opengl/CallbackUtil done


Dynamic libraries:
0x0000000004d3e000 	/System/Library/Frameworks/Cocoa.framework/Versions/A/Cocoa
0x0000000004d3e000 	/System/Library/Frameworks/Security.framework/Versions/A/Security
0x0000000004d3e000 	/System/Library/Frameworks/ApplicationServices.framework/Versions/A/ApplicationServices
0x0000000004d3e000 	/usr/lib/libz.1.dylib
0x0000000004d3e000 	/usr/lib/libSystem.B.dylib
0x0000000004d3e000 	/usr/lib/libobjc.A.dylib
0x0000000004d3e000 	/System/Library/Frameworks/CoreFoundation.framework/Versions/A/CoreFoundation
0x0000000004d3e000 	/System/Library/Frameworks/Foundation.framework/Versions/C/Foundation
0x0000000004d3e000 	/System/Library/Frameworks/AppKit.framework/Versions/C/AppKit
0x0000000004d3e000 	/System/Library/Frameworks/CoreData.framework/Versions/A/CoreData
0x0000000004d3e000 	/System/Library/PrivateFrameworks/RemoteViewServices.framework/Versions/A/RemoteViewServices
0x0000000004d3e000 	/System/Library/PrivateFrameworks/UIFoundation.framework/Versions/A/UIFoundation
0x0000000004d3e000 	/usr/lib/libScreenReader.dylib
0x0000000004d3e000 	/System/Library/Frameworks/Accelerate.framework/Versions/A/Accelerate
0x0000000004d3e000 	/System/Library/Frameworks/IOSurface.framework/Versions/A/IOSurface
0x0000000004d3e000 	/System/Library/Frameworks/AudioToolbox.framework/Versions/A/AudioToolbox
0x0000000004d3e000 	/System/Library/Frameworks/AudioUnit.framework/Versions/A/AudioUnit
0x0000000004d3e000 	/System/Library/PrivateFrameworks/DataDetectorsCore.framework/Versions/A/DataDetectorsCore
0x0000000004d3e000 	/System/Library/PrivateFrameworks/DesktopServicesPriv.framework/Versions/A/DesktopServicesPriv
0x0000000004d3e000 	/System/Library/Frameworks/Carbon.framework/Versions/A/Frameworks/HIToolbox.framework/Versions/A/HIToolbox
0x0000000004d3e000 	/System/Library/Frameworks/QuartzCore.framework/Versions/A/QuartzCore
0x0000000004d3e000 	/System/Library/Frameworks/Carbon.framework/Versions/A/Frameworks/SpeechRecognition.framework/Versions/A/SpeechRecognition
0x0000000004d3e000 	/usr/lib/libauto.dylib
0x0000000004d3e000 	/usr/lib/libicucore.A.dylib
0x0000000004d3e000 	/usr/lib/libxml2.2.dylib
0x0000000004d3e000 	/System/Library/PrivateFrameworks/CoreUI.framework/Versions/A/CoreUI
0x0000000004d3e000 	/System/Library/Frameworks/CoreAudio.framework/Versions/A/CoreAudio
0x0000000004d3e000 	/System/Library/Frameworks/DiskArbitration.framework/Versions/A/DiskArbitration
0x0000000004d3e000 	/usr/lib/liblangid.dylib
0x0000000004d3e000 	/System/Library/PrivateFrameworks/MultitouchSupport.framework/Versions/A/MultitouchSupport
0x0000000004d3e000 	/System/Library/Frameworks/IOKit.framework/Versions/A/IOKit
0x0000000004d3e000 	/usr/lib/libDiagnosticMessagesClient.dylib
0x0000000004d3e000 	/System/Library/Frameworks/CoreServices.framework/Versions/A/CoreServices
0x0000000004d3e000 	/System/Library/PrivateFrameworks/PerformanceAnalysis.framework/Versions/A/PerformanceAnalysis
0x0000000004d3e000 	/System/Library/PrivateFrameworks/GenerationalStorage.framework/Versions/A/GenerationalStorage
0x0000000004d3e000 	/System/Library/Frameworks/OpenGL.framework/Versions/A/OpenGL
0x0000000004d3e000 	/System/Library/PrivateFrameworks/Sharing.framework/Versions/A/Sharing
0x0000000004d3e000 	/System/Library/Frameworks/CoreGraphics.framework/Versions/A/CoreGraphics
0x0000000004d3e000 	/System/Library/Frameworks/CoreImage.framework/Versions/A/CoreImage
0x0000000004d3e000 	/System/Library/Frameworks/CoreText.framework/Versions/A/CoreText
0x0000000004d3e000 	/System/Library/Frameworks/ImageIO.framework/Versions/A/ImageIO
0x0000000004d3e000 	/System/Library/PrivateFrameworks/Backup.framework/Versions/A/Backup
0x0000000004d3e000 	/usr/lib/libextension.dylib
0x0000000004d3e000 	/usr/lib/libarchive.2.dylib
0x0000000004d3e000 	/System/Library/Frameworks/CFNetwork.framework/Versions/A/CFNetwork
0x0000000004d3e000 	/System/Library/Frameworks/SystemConfiguration.framework/Versions/A/SystemConfiguration
0x0000000004d3e000 	/usr/lib/libCRFSuite.dylib
0x0000000004d3e000 	/usr/lib/libc++.1.dylib
0x0000000004d3e000 	/usr/lib/libc++abi.dylib
0x0000000004d3e000 	/usr/lib/system/libcache.dylib
0x0000000004d3e000 	/usr/lib/system/libcommonCrypto.dylib
0x0000000004d3e000 	/usr/lib/system/libcompiler_rt.dylib
0x0000000004d3e000 	/usr/lib/system/libcopyfile.dylib
0x0000000004d3e000 	/usr/lib/system/libcorecrypto.dylib
0x0000000004d3e000 	/usr/lib/system/libdispatch.dylib
0x0000000004d3e000 	/usr/lib/system/libdyld.dylib
0x0000000004d3e000 	/usr/lib/system/libkeymgr.dylib
0x0000000004d3e000 	/usr/lib/system/liblaunch.dylib
0x0000000004d3e000 	/usr/lib/system/libmacho.dylib
0x0000000004d3e000 	/usr/lib/system/libquarantine.dylib
0x0000000004d3e000 	/usr/lib/system/libremovefile.dylib
0x0000000004d3e000 	/usr/lib/system/libsystem_asl.dylib
0x0000000004d3e000 	/usr/lib/system/libsystem_blocks.dylib
0x0000000004d3e000 	/usr/lib/system/libsystem_c.dylib
0x0000000004d3e000 	/usr/lib/system/libsystem_configuration.dylib
0x0000000004d3e000 	/usr/lib/system/libsystem_coreservices.dylib
0x0000000004d3e000 	/usr/lib/system/libsystem_coretls.dylib
0x0000000004d3e000 	/usr/lib/system/libsystem_dnssd.dylib
0x0000000004d3e000 	/usr/lib/system/libsystem_info.dylib
0x0000000004d3e000 	/usr/lib/system/libsystem_kernel.dylib
0x0000000004d3e000 	/usr/lib/system/libsystem_m.dylib
0x0000000004d3e000 	/usr/lib/system/libsystem_malloc.dylib
0x0000000004d3e000 	/usr/lib/system/libsystem_network.dylib
0x0000000004d3e000 	/usr/lib/system/libsystem_networkextension.dylib
0x0000000004d3e000 	/usr/lib/system/libsystem_notify.dylib
0x0000000004d3e000 	/usr/lib/system/libsystem_platform.dylib
0x0000000004d3e000 	/usr/lib/system/libsystem_pthread.dylib
0x0000000004d3e000 	/usr/lib/system/libsystem_sandbox.dylib
0x0000000004d3e000 	/usr/lib/system/libsystem_secinit.dylib
0x0000000004d3e000 	/usr/lib/system/libsystem_trace.dylib
0x0000000004d3e000 	/usr/lib/system/libunc.dylib
0x0000000004d3e000 	/usr/lib/system/libunwind.dylib
0x0000000004d3e000 	/usr/lib/system/libxpc.dylib
0x0000000004d3e000 	/usr/lib/libenergytrace.dylib
0x0000000004d3e000 	/usr/lib/libbsm.0.dylib
0x0000000004d3e000 	/usr/lib/system/libkxld.dylib
0x0000000004d3e000 	/usr/lib/libxar.1.dylib
0x0000000004d3e000 	/usr/lib/libsqlite3.dylib
0x0000000004d3e000 	/usr/lib/libpam.2.dylib
0x0000000004d3e000 	/usr/lib/libOpenScriptingUtil.dylib
0x0000000004d3e000 	/usr/lib/libbz2.1.0.dylib
0x0000000004d3e000 	/usr/lib/liblzma.5.dylib
0x0000000004d3e000 	/System/Library/Frameworks/CoreServices.framework/Versions/A/Frameworks/FSEvents.framework/Versions/A/FSEvents
0x0000000004d3e000 	/System/Library/Frameworks/CoreServices.framework/Versions/A/Frameworks/CarbonCore.framework/Versions/A/CarbonCore
0x0000000004d3e000 	/System/Library/Frameworks/CoreServices.framework/Versions/A/Frameworks/Metadata.framework/Versions/A/Metadata
0x0000000004d3e000 	/System/Library/Frameworks/CoreServices.framework/Versions/A/Frameworks/OSServices.framework/Versions/A/OSServices
0x0000000004d3e000 	/System/Library/Frameworks/CoreServices.framework/Versions/A/Frameworks/SearchKit.framework/Versions/A/SearchKit
0x0000000004d3e000 	/System/Library/Frameworks/CoreServices.framework/Versions/A/Frameworks/AE.framework/Versions/A/AE
0x0000000004d3e000 	/System/Library/Frameworks/CoreServices.framework/Versions/A/Frameworks/LaunchServices.framework/Versions/A/LaunchServices
0x0000000004d3e000 	/System/Library/Frameworks/CoreServices.framework/Versions/A/Frameworks/DictionaryServices.framework/Versions/A/DictionaryServices
0x0000000004d3e000 	/System/Library/Frameworks/CoreServices.framework/Versions/A/Frameworks/SharedFileList.framework/Versions/A/SharedFileList
0x0000000004d3e000 	/System/Library/Frameworks/NetFS.framework/Versions/A/NetFS
0x0000000004d3e000 	/System/Library/PrivateFrameworks/NetAuth.framework/Versions/A/NetAuth
0x0000000004d3e000 	/System/Library/PrivateFrameworks/login.framework/Versions/A/Frameworks/loginsupport.framework/Versions/A/loginsupport
0x0000000004d3e000 	/System/Library/PrivateFrameworks/TCC.framework/Versions/A/TCC
0x0000000004d3e000 	/usr/lib/libmecabra.dylib
0x0000000004d3e000 	/System/Library/Frameworks/ApplicationServices.framework/Versions/A/Frameworks/ATS.framework/Versions/A/ATS
0x0000000004d3e000 	/System/Library/Frameworks/ApplicationServices.framework/Versions/A/Frameworks/ColorSync.framework/Versions/A/ColorSync
0x0000000004d3e000 	/System/Library/Frameworks/ApplicationServices.framework/Versions/A/Frameworks/HIServices.framework/Versions/A/HIServices
0x0000000004d3e000 	/System/Library/Frameworks/ApplicationServices.framework/Versions/A/Frameworks/LangAnalysis.framework/Versions/A/LangAnalysis
0x0000000004d3e000 	/System/Library/Frameworks/ApplicationServices.framework/Versions/A/Frameworks/PrintCore.framework/Versions/A/PrintCore
0x0000000004d3e000 	/System/Library/Frameworks/ApplicationServices.framework/Versions/A/Frameworks/QD.framework/Versions/A/QD
0x0000000004d3e000 	/System/Library/Frameworks/ApplicationServices.framework/Versions/A/Frameworks/SpeechSynthesis.framework/Versions/A/SpeechSynthesis
0x0000000004d3e000 	/System/Library/Frameworks/Metal.framework/Versions/A/Metal
0x0000000004d3e000 	/System/Library/Frameworks/Accelerate.framework/Versions/A/Frameworks/vImage.framework/Versions/A/vImage
0x0000000004d3e000 	/System/Library/Frameworks/Accelerate.framework/Versions/A/Frameworks/vecLib.framework/Versions/A/vecLib
0x0000000004d3e000 	/System/Library/Frameworks/Accelerate.framework/Versions/A/Frameworks/vecLib.framework/Versions/A/libvDSP.dylib
0x0000000004d3e000 	/System/Library/Frameworks/Accelerate.framework/Versions/A/Frameworks/vecLib.framework/Versions/A/libvMisc.dylib
0x0000000004d3e000 	/System/Library/Frameworks/Accelerate.framework/Versions/A/Frameworks/vecLib.framework/Versions/A/libLAPACK.dylib
0x0000000004d3e000 	/System/Library/Frameworks/Accelerate.framework/Versions/A/Frameworks/vecLib.framework/Versions/A/libBLAS.dylib
0x0000000004d3e000 	/System/Library/Frameworks/Accelerate.framework/Versions/A/Frameworks/vecLib.framework/Versions/A/libLinearAlgebra.dylib
0x0000000004d3e000 	/System/Library/Frameworks/Accelerate.framework/Versions/A/Frameworks/vecLib.framework/Versions/A/libSparseBLAS.dylib
0x0000000004d3e000 	/System/Library/PrivateFrameworks/GPUCompiler.framework/libmetal_timestamp.dylib
0x0000000004d3e000 	/System/Library/Frameworks/OpenGL.framework/Versions/A/Libraries/libCoreFSCache.dylib
0x0000000004d3e000 	/System/Library/PrivateFrameworks/IOAccelerator.framework/Versions/A/IOAccelerator
0x0000000004d3e000 	/System/Library/Frameworks/ApplicationServices.framework/Versions/A/Frameworks/ATS.framework/Versions/A/Resources/libFontParser.dylib
0x0000000004d3e000 	/System/Library/Frameworks/ApplicationServices.framework/Versions/A/Frameworks/ATS.framework/Versions/A/Resources/libFontRegistry.dylib
0x0000000004d3e000 	/System/Library/PrivateFrameworks/AppleVPA.framework/Versions/A/AppleVPA
0x0000000004d3e000 	/System/Library/PrivateFrameworks/AppleJPEG.framework/Versions/A/AppleJPEG
0x0000000004d3e000 	/System/Library/Frameworks/ImageIO.framework/Versions/A/Resources/libJPEG.dylib
0x0000000004d3e000 	/System/Library/Frameworks/ImageIO.framework/Versions/A/Resources/libTIFF.dylib
0x0000000004d3e000 	/System/Library/Frameworks/ImageIO.framework/Versions/A/Resources/libPng.dylib
0x0000000004d3e000 	/System/Library/Frameworks/ImageIO.framework/Versions/A/Resources/libGIF.dylib
0x0000000004d3e000 	/System/Library/Frameworks/ImageIO.framework/Versions/A/Resources/libJP2.dylib
0x0000000004d3e000 	/System/Library/Frameworks/ImageIO.framework/Versions/A/Resources/libRadiance.dylib
0x0000000004d3e000 	/System/Library/Frameworks/CoreVideo.framework/Versions/A/CoreVideo
0x0000000004d3e000 	/System/Library/Frameworks/OpenGL.framework/Versions/A/Libraries/libGLU.dylib
0x0000000004d3e000 	/System/Library/Frameworks/OpenGL.framework/Versions/A/Libraries/libGFXShared.dylib
0x0000000004d3e000 	/System/Library/Frameworks/OpenGL.framework/Versions/A/Libraries/libGL.dylib
0x0000000004d3e000 	/System/Library/Frameworks/OpenGL.framework/Versions/A/Libraries/libGLImage.dylib
0x0000000004d3e000 	/System/Library/Frameworks/OpenGL.framework/Versions/A/Libraries/libCVMSPluginSupport.dylib
0x0000000004d3e000 	/System/Library/Frameworks/OpenGL.framework/Versions/A/Libraries/libCoreVMClient.dylib
0x0000000004d3e000 	/usr/lib/libcups.2.dylib
0x0000000004d3e000 	/System/Library/Frameworks/Kerberos.framework/Versions/A/Kerberos
0x0000000004d3e000 	/System/Library/Frameworks/GSS.framework/Versions/A/GSS
0x0000000004d3e000 	/usr/lib/libresolv.9.dylib
0x0000000004d3e000 	/usr/lib/libiconv.2.dylib
0x0000000004d3e000 	/System/Library/PrivateFrameworks/Heimdal.framework/Versions/A/Heimdal
0x0000000004d3e000 	/usr/lib/libheimdal-asn1.dylib
0x0000000004d3e000 	/System/Library/Frameworks/OpenDirectory.framework/Versions/A/OpenDirectory
0x0000000004d3e000 	/System/Library/PrivateFrameworks/CommonAuth.framework/Versions/A/CommonAuth
0x0000000004d3e000 	/System/Library/Frameworks/OpenDirectory.framework/Versions/A/Frameworks/CFOpenDirectory.framework/Versions/A/CFOpenDirectory
0x0000000004d3e000 	/System/Library/Frameworks/SecurityFoundation.framework/Versions/A/SecurityFoundation
0x0000000004d3e000 	/System/Library/PrivateFrameworks/LanguageModeling.framework/Versions/A/LanguageModeling
0x0000000004d3e000 	/usr/lib/libmarisa.dylib
0x0000000004d3e000 	/usr/lib/libChineseTokenizer.dylib
0x0000000004d3e000 	/usr/lib/libcmph.dylib
0x0000000004d3e000 	/usr/lib/libcompression.dylib
0x0000000004d3e000 	/System/Library/Frameworks/ServiceManagement.framework/Versions/A/ServiceManagement
0x0000000004d3e000 	/usr/lib/libxslt.1.dylib
0x0000000004d3e000 	/System/Library/Frameworks/Carbon.framework/Versions/A/Frameworks/Ink.framework/Versions/A/Ink
0x0000000004d3e000 	/usr/lib/libFosl_dynamic.dylib
0x0000000004d3e000 	/System/Library/PrivateFrameworks/FaceCore.framework/Versions/A/FaceCore
0x0000000004d3e000 	/System/Library/Frameworks/OpenCL.framework/Versions/A/OpenCL
0x0000000004d3e000 	/System/Library/PrivateFrameworks/CrashReporterSupport.framework/Versions/A/CrashReporterSupport
0x0000000004d3e000 	/System/Library/PrivateFrameworks/IconServices.framework/Versions/A/IconServices
0x0000000004d3e000 	/System/Library/PrivateFrameworks/Apple80211.framework/Versions/A/Apple80211
0x0000000004d3e000 	/System/Library/Frameworks/CoreWLAN.framework/Versions/A/CoreWLAN
0x0000000004d3e000 	/System/Library/Frameworks/IOBluetooth.framework/Versions/A/IOBluetooth
0x0000000004d3e000 	/System/Library/PrivateFrameworks/CoreWiFi.framework/Versions/A/CoreWiFi
0x0000000004d3e000 	/System/Library/Frameworks/CoreBluetooth.framework/Versions/A/CoreBluetooth
0x0000000004d3e000 	/System/Library/PrivateFrameworks/ChunkingLibrary.framework/Versions/A/ChunkingLibrary
0x0000000004d3e000 	/System/Library/PrivateFrameworks/DebugSymbols.framework/Versions/A/DebugSymbols
0x0000000004d3e000 	/System/Library/PrivateFrameworks/CoreSymbolication.framework/Versions/A/CoreSymbolication
0x0000000004d3e000 	/System/Library/PrivateFrameworks/Symbolication.framework/Versions/A/Symbolication
0x0000000004d3e000 	/System/Library/PrivateFrameworks/SpeechRecognitionCore.framework/Versions/A/SpeechRecognitionCore
0x000000010f3a6000 	/System/Library/CoreServices/Encodings/libSimplifiedChineseConverter.dylib
0x000000010f3ea000 	/Library/Internet Plug-Ins/JavaAppletPlugin.plugin/Contents/Home/lib/server/libjvm.dylib
0x0000000004d3e000 	/usr/lib/libstdc++.6.dylib
0x0000000110373000 	/Library/Internet Plug-Ins/JavaAppletPlugin.plugin/Contents/Home/lib/libverify.dylib
0x0000000110381000 	/Library/Internet Plug-Ins/JavaAppletPlugin.plugin/Contents/Home/lib/libjava.dylib
0x00000001103c4000 	/Library/Internet Plug-Ins/JavaAppletPlugin.plugin/Contents/Home/lib/libzip.dylib
0x00000001103e2000 	/System/Library/Frameworks/JavaVM.framework/Frameworks/JavaRuntimeSupport.framework/JavaRuntimeSupport
0x0000000123fe5000 	/System/Library/Frameworks/JavaVM.framework/Versions/A/Frameworks/JavaNativeFoundation.framework/Versions/A/JavaNativeFoundation
0x0000000123ffa000 	/System/Library/Frameworks/JavaVM.framework/Versions/A/JavaVM
0x0000000004d3e000 	/System/Library/Frameworks/Carbon.framework/Versions/A/Carbon
0x0000000124007000 	/System/Library/PrivateFrameworks/JavaLaunching.framework/Versions/A/JavaLaunching
0x0000000004d3e000 	/System/Library/Frameworks/Carbon.framework/Versions/A/Frameworks/CommonPanels.framework/Versions/A/CommonPanels
0x0000000004d3e000 	/System/Library/Frameworks/Carbon.framework/Versions/A/Frameworks/Help.framework/Versions/A/Help
0x0000000004d3e000 	/System/Library/Frameworks/Carbon.framework/Versions/A/Frameworks/ImageCapture.framework/Versions/A/ImageCapture
0x0000000004d3e000 	/System/Library/Frameworks/Carbon.framework/Versions/A/Frameworks/OpenScripting.framework/Versions/A/OpenScripting
0x0000000004d3e000 	/System/Library/Frameworks/Carbon.framework/Versions/A/Frameworks/Print.framework/Versions/A/Print
0x0000000004d3e000 	/System/Library/Frameworks/Carbon.framework/Versions/A/Frameworks/SecurityHI.framework/Versions/A/SecurityHI
0x0000000125983000 	/Library/Internet Plug-Ins/JavaAppletPlugin.plugin/Contents/Home/lib/libawt.dylib
0x0000000125a2b000 	/Library/Internet Plug-Ins/JavaAppletPlugin.plugin/Contents/Home/lib/./libmlib_image.dylib
0x0000000125af7000 	/Library/Internet Plug-Ins/JavaAppletPlugin.plugin/Contents/Home/lib/libawt_lwawt.dylib
0x0000000125bac000 	/Library/Internet Plug-Ins/JavaAppletPlugin.plugin/Contents/Home/lib/./libosxapp.dylib
0x0000000004d3e000 	/System/Library/Frameworks/ExceptionHandling.framework/Versions/A/ExceptionHandling
0x0000000004d3e000 	/System/Library/PrivateFrameworks/CoreServicesInternal.framework/Versions/A/CoreServicesInternal
0x0000000004d3e000 	/System/Library/Frameworks/CoreGraphics.framework/Versions/A/Resources/libRIP.A.dylib
0x0000000004d3e000 	/System/Library/Frameworks/Accelerate.framework/Versions/A/Frameworks/vImage.framework/Versions/A/Libraries/libCGInterfaces.dylib
0x0000000004d3e000 	/System/Library/Frameworks/CoreGraphics.framework/Versions/A/Resources/libCGXType.A.dylib
0x0000000004d3e000 	/System/Library/Frameworks/OpenCL.framework/Versions/A/Libraries/libcldcpuengine.dylib
0x0000000004d3e000 	/System/Library/PrivateFrameworks/DiskImages.framework/Versions/A/DiskImages
0x0000000004d3e000 	/System/Library/Frameworks/DiscRecording.framework/Versions/A/DiscRecording
0x0000000004d3e000 	/usr/lib/libcsfde.dylib
0x0000000004d3e000 	/usr/lib/libcurl.4.dylib
0x0000000004d3e000 	/System/Library/PrivateFrameworks/MediaKit.framework/Versions/A/MediaKit
0x0000000004d3e000 	/System/Library/PrivateFrameworks/ProtectedCloudStorage.framework/Versions/A/ProtectedCloudStorage
0x0000000004d3e000 	/usr/lib/libCoreStorage.dylib
0x0000000004d3e000 	/System/Library/PrivateFrameworks/EFILogin.framework/Versions/A/EFILogin
0x0000000004d3e000 	/usr/lib/libutil.dylib
0x0000000004d3e000 	/System/Library/PrivateFrameworks/FindMyDevice.framework/Versions/A/FindMyDevice
0x0000000004d3e000 	/System/Library/Frameworks/LDAP.framework/Versions/A/LDAP
0x0000000004d3e000 	/usr/lib/libsasl2.2.dylib
0x0000000004d3e000 	/System/Library/PrivateFrameworks/CoreDaemon.framework/Versions/B/CoreDaemon
0x0000000004d3e000 	/usr/lib/libcrypto.0.9.8.dylib
0x0000000004d3e000 	/System/Library/PrivateFrameworks/AppleSRP.framework/Versions/A/AppleSRP
0x0000000004d3e000 	/System/Library/PrivateFrameworks/TrustEvaluationAgent.framework/Versions/A/TrustEvaluationAgent
0x00000001273a1000 	cl_kernels
0x0000000004d3e000 	/System/Library/Frameworks/OpenCL.framework/Versions/A/Libraries/ImageFormats/unorm8_bgra.dylib
0x0000000004d3e000 	/System/Library/Frameworks/OpenCL.framework/Versions/A/Libraries/ImageFormats/unorm8_rgba.dylib
0x0000000004d3e000 	/System/Library/PrivateFrameworks/FamilyControls.framework/Versions/A/FamilyControls
0x0000000004d3e000 	/System/Library/PrivateFrameworks/CommerceKit.framework/Versions/A/Frameworks/CommerceCore.framework/Versions/A/CommerceCore
0x0000000004d3e000 	/System/Library/PrivateFrameworks/SystemAdministration.framework/Versions/A/SystemAdministration
0x0000000004d3e000 	/System/Library/PrivateFrameworks/AppContainer.framework/Versions/A/AppContainer
0x0000000004d3e000 	/System/Library/PrivateFrameworks/SecCodeWrapper.framework/Versions/A/SecCodeWrapper
0x0000000004d3e000 	/System/Library/Frameworks/DirectoryService.framework/Versions/A/DirectoryService
0x0000000004d3e000 	/System/Library/PrivateFrameworks/LoginUIKit.framework/Versions/A/Frameworks/LoginUICore.framework/Versions/A/LoginUICore
0x0000000004d3e000 	/usr/lib/libodfde.dylib
0x00000001283be000 	/Library/Internet Plug-Ins/JavaAppletPlugin.plugin/Contents/Home/lib/libfontmanager.dylib
0x0000000128425000 	/Users/CIR/Documents/workspace/SolarSystem/native/liblwjgl.dylib
0x0000000126876000 	/Library/Internet Plug-Ins/JavaAppletPlugin.plugin/Contents/Home/lib/libjawt.dylib
0x0000000004d3e000 	/System/Library/Frameworks/OpenGL.framework/Versions/A/Resources/GLEngine.bundle/GLEngine
0x0000000004d3e000 	/System/Library/Frameworks/OpenGL.framework/Versions/A/Libraries/libGLProgrammability.dylib
0x00000001284a7000 	/System/Library/Extensions/AppleIntelHD4000GraphicsGLDriver.bundle/Contents/MacOS/AppleIntelHD4000GraphicsGLDriver
0x0000000004d3e000 	/System/Library/PrivateFrameworks/GPUSupport.framework/Versions/A/Libraries/libGPUSupportMercury.dylib
0x0000000004d3e000 	/System/Library/Frameworks/OpenGL.framework/Versions/A/Resources/GLRendererFloat.bundle/GLRendererFloat

VM Arguments:
jvm_args: -Djava.library.path=/Users/CIR/Documents/workspace/SolarSystem/native -Dfile.encoding=UTF-8 
java_command: top.navyblue.main.SolarSystemMain
java_class_path (initial): /Users/CIR/Documents/workspace/SolarSystem/bin:/Users/CIR/Documents/workspace/SolarSystem/libs/jinput-2.0.5.jar:/Users/CIR/Documents/workspace/SolarSystem/libs/jinput-platform-2.0.5-natives-osx.jar:/Users/CIR/Documents/workspace/SolarSystem/libs/jopt-simple-4.8.jar:/Users/CIR/Documents/workspace/SolarSystem/libs/jutils-1.0.0.jar:/Users/CIR/Documents/workspace/SolarSystem/libs/lwjgl_util-2.9.1.jar:/Users/CIR/Documents/workspace/SolarSystem/libs/lwjgl-2.9.1.jar:/Users/CIR/Documents/workspace/SolarSystem/libs/slick-util-1.0.jar
Launcher Type: SUN_STANDARD

Environment Variables:
PATH=/usr/bin:/bin:/usr/sbin:/sbin
SHELL=/bin/zsh

Signal Handlers:
SIGSEGV: [libjvm.dylib+0x5a6d31], sa_mask[0]=11111111011111110111111111111111, sa_flags=SA_ONSTACK|SA_RESTART|SA_SIGINFO
SIGBUS: [libjvm.dylib+0x5a6d31], sa_mask[0]=11111111011111110111111111111111, sa_flags=SA_RESTART|SA_SIGINFO
SIGFPE: [libjvm.dylib+0x480a40], sa_mask[0]=11111111011111110111111111111111, sa_flags=SA_RESTART|SA_SIGINFO
SIGPIPE: [libjvm.dylib+0x480a40], sa_mask[0]=11111111011111110111111111111111, sa_flags=SA_RESTART|SA_SIGINFO
SIGXFSZ: [libjvm.dylib+0x480a40], sa_mask[0]=11111111011111110111111111111111, sa_flags=SA_RESTART|SA_SIGINFO
SIGILL: [libjvm.dylib+0x480a40], sa_mask[0]=11111111011111110111111111111111, sa_flags=SA_RESTART|SA_SIGINFO
SIGUSR1: SIG_DFL, sa_mask[0]=00000000000000000000000000000000, sa_flags=none
SIGUSR2: [libjvm.dylib+0x48055e], sa_mask[0]=00100000000000000000000000000000, sa_flags=SA_RESTART|SA_SIGINFO
SIGHUP: [libjvm.dylib+0x47eb35], sa_mask[0]=11111111011111110111111111111111, sa_flags=SA_RESTART|SA_SIGINFO
SIGINT: [libjvm.dylib+0x47eb35], sa_mask[0]=11111111011111110111111111111111, sa_flags=SA_RESTART|SA_SIGINFO
SIGTERM: [libjvm.dylib+0x47eb35], sa_mask[0]=11111111011111110111111111111111, sa_flags=SA_RESTART|SA_SIGINFO
SIGQUIT: [libjvm.dylib+0x47eb35], sa_mask[0]=11111111011111110111111111111111, sa_flags=SA_RESTART|SA_SIGINFO


---------------  S Y S T E M  ---------------

OS:Bsduname:Darwin 15.0.0 Darwin Kernel Version 15.0.0: Wed Aug 26 16:57:32 PDT 2015; root:xnu-3247.1.106~1/RELEASE_X86_64 x86_64
rlimit: STACK 8192k, CORE 0k, NPROC 709, NOFILE 10240, AS infinity
load average:1.95 1.81 1.52

CPU:total 4 (2 cores per cpu, 2 threads per core) family 6 model 58 stepping 9, cmov, cx8, fxsr, mmx, sse, sse2, sse3, ssse3, sse4.1, sse4.2, popcnt, avx, aes, clmul, erms, ht, tsc, tscinvbit, tscinv

Memory: 4k page, physical 4194304k(323788k free)

/proc/meminfo:


vm_info: Java HotSpot(TM) 64-Bit Server VM (25.65-b01) for bsd-amd64 JRE (1.8.0_65-b17), built on Oct  6 2015 15:36:46 by "java_re" with gcc 4.2.1 (Based on Apple Inc. build 5658) (LLVM build 2336.11.00)

time: Thu Nov 19 10:37:25 2015
elapsed time: 16 seconds (0d 0h 0m 16s)

